#
# There is insufficient memory for the Java Runtime Environment to continue.
# Native memory allocation (mmap) failed to map 329252864 bytes for Failed to commit area from 0x00000000cef00000 to 0x00000000e2900000 of length 329252864.
# Possible reasons:
#   The system is out of physical RAM or swap space
#   The process is running with CompressedOops enabled, and the Java Heap may be blocking the growth of the native heap
# Possible solutions:
#   Reduce memory load on the system
#   Increase physical memory or swap space
#   Check if swap backing store is full
#   Decrease Java heap size (-Xmx/-Xms)
#   Decrease number of Java threads
#   Decrease Java thread stack sizes (-Xss)
#   Set larger code cache with -XX:ReservedCodeCacheSize=
#   JVM is running with Unscaled Compressed Oops mode in which the Java heap is
#     placed in the first 4GB address space. The Java Heap base address is the
#     maximum limit for the native heap growth. Please use -XX:HeapBaseMinAddress
#     to set the Java Heap base and to place the Java Heap above 4GB virtual address.
# This output file may be truncated or incomplete.
#
#  Out of Memory Error (./src/hotspot/os/windows/os_windows.cpp:3380), pid=880, tid=5784
#
# JRE version: OpenJDK Runtime Environment Microsoft-25199 (11.0.12+7) (build 11.0.12+7)
# Java VM: OpenJDK 64-Bit Server VM Microsoft-25199 (11.0.12+7, mixed mode, tiered, compressed oops, g1 gc, windows-amd64)
# No core dump will be written. Minidumps are not enabled by default on client versions of Windows
#

---------------  S U M M A R Y ------------

Command Line: -Xmx1G com.android.tools.r8.D8 --debug --min-api 21 --output obj\Debug\120\android\bin\ --lib C:\Program Files (x86)\Android\android-sdk\platforms\android-31\android.jar obj\Debug\120\android\bin\classes.zip C:\Program Files\Microsoft Visual Studio\2022\Community\Common7\IDE\ReferenceAssemblies\Microsoft\Framework\MonoAndroid\v12.0\mono.android.jar C:\Program Files\Microsoft Visual Studio\2022\Community\MSBuild\Xamarin\Android\java_runtime_fastdev.jar C:\Users\REGI\.nuget\packages\xamarin.google.guava.listenablefuture\1.0.0.2\buildTransitive\monoandroid50\guava-listenablefuture.jar C:\Users\REGI\.nuget\packages\xamarin.androidx.annotation\1.2.0.1\buildTransitive\monoandroid90\..\..\jar\androidx.annotation.annotation.jar C:\Users\REGI\.nuget\packages\xamarin.androidx.collection\1.1.0.8\buildTransitive\monoandroid90\..\..\jar\androidx.collection.collection.jar C:\Users\REGI\.nuget\packages\xamarin.androidx.lifecycle.common\2.3.1.1\buildTransitive\monoandroid90\..\..\jar\androidx.lifecycle.lifecycle-common.jar C:\Users\REGI\.nuget\packages\xamarin.androidx.arch.core.common\2.1.0.9\buildTransitive\monoandroid90\..\..\jar\androidx.arch.core.core-common.jar C:\Users\REGI\.nuget\packages\xamarin.androidx.constraintlayout.core\1.0.0\buildTransitive\monoandroid90\..\..\jar\androidx.constraintlayout.constraintlayout-core.jar C:\Users\REGI\.nuget\packages\xamarin.androidx.concurrent.futures\1.1.0.3\buildTransitive\monoandroid90\..\..\jar\androidx.concurrent.concurrent-futures.jar obj\Debug\120\lp\0\jl\formsviewgroup.jar obj\Debug\120\lp\100\jl\classes.jar obj\Debug\120\lp\101\jl\classes.jar obj\Debug\120\lp\103\jl\classes.jar obj\Debug\120\lp\58\jl\classes.jar obj\Debug\120\lp\59\jl\classes.jar obj\Debug\120\lp\60\jl\classes.jar obj\Debug\120\lp\61\jl\classes.jar obj\Debug\120\lp\62\jl\classes.jar obj\Debug\120\lp\63\jl\classes.jar obj\Debug\120\lp\64\jl\classes.jar obj\Debug\120\lp\65\jl\classes.jar obj\Debug\120\lp\66\jl\classes.jar obj\Debug\120\lp\67\jl\classes.jar obj\Debug\120\lp\68\jl\classes.jar obj\Debug\120\lp\69\jl\classes.jar obj\Debug\120\lp\70\jl\classes.jar obj\Debug\120\lp\71\jl\classes.jar obj\Debug\120\lp\72\jl\classes.jar obj\Debug\120\lp\73\jl\classes.jar obj\Debug\120\lp\74\jl\classes.jar obj\Debug\120\lp\75\jl\classes.jar obj\Debug\120\lp\76\jl\classes.jar obj\Debug\120\lp\77\jl\classes.jar obj\Debug\120\lp\78\jl\classes.jar obj\Debug\120\lp\79\jl\classes.jar obj\Debug\120\lp\80\jl\classes.jar obj\Debug\120\lp\81\jl\classes.jar obj\Debug\120\lp\82\jl\classes.jar obj\Debug\120\lp\83\jl\classes.jar obj\Debug\120\lp\84\jl\classes.jar obj\Debug\120\lp\85\jl\classes.jar obj\Debug\120\lp\86\jl\classes.jar obj\Debug\120\lp\87\jl\classes.jar obj\Debug\120\lp\88\jl\classes.jar obj\Debug\120\lp\89\jl\classes.jar obj\Debug\120\lp\90\jl\classes.jar obj\Debug\120\lp\91\jl\classes.jar obj\Debug\120\lp\92\jl\classes.jar obj\Debug\120\lp\93\jl\classes.jar obj\Debug\120\lp\94\jl\classes.jar obj\Debug\120\lp\95\jl\classes.jar obj\Debug\120\lp\96\jl\classes.jar obj\Debug\120\lp\97\jl\classes.jar obj\Debug\120\lp\98\jl\classes.jar obj\Debug\120\lp\99\jl\classes.jar

Host: Intel(R) Core(TM) i5-2410M CPU @ 2.30GHz, 4 cores, 1G,  Windows 10 , 64 bit Build 19041 (10.0.19041.1889)
Time: Wed Oct 19 17:19:34 2022 Hora oficial do Brasil elapsed time: 8.781406 seconds (0d 0h 0m 8s)

---------------  T H R E A D  ---------------

Current thread (0x000001e0b29c8800):  VMThread "VM Thread" [stack: 0x0000003d23600000,0x0000003d23700000] [id=5784]

Stack: [0x0000003d23600000,0x0000003d23700000]
[error occurred during error reporting (printing stack bounds), id 0xc0000005, EXCEPTION_ACCESS_VIOLATION (0xc0000005) at pc=0x000001e09e76112d]

Native frames: (J=compiled Java code, j=interpreted, Vv=VM code, C=native code)
V  [jvm.dll+0x6090fa]
V  [jvm.dll+0x79229e]
V  [jvm.dll+0x79396f]
V  [jvm.dll+0x793f95]
V  [jvm.dll+0x793f4b]
V  [jvm.dll+0x608487]
V  [jvm.dll+0x608b98]
C  [ntdll.dll+0xa241f]
C  [ntdll.dll+0x514a4]
C  [ntdll.dll+0xa0f4e]
C  0x000001e09e76112d

VM_Operation (0x0000003d245fd4e0): G1CollectForAllocation, mode: safepoint, requested by thread 0x000001e0b2cc5800


---------------  P R O C E S S  ---------------

Threads class SMR info:
_java_thread_list=0x000001e0b308c3e0, length=12, elements={
0x000001e096045000, 0x000001e0b29ce000, 0x000001e0b29d7000, 0x000001e0b29ea000,
0x000001e0b2a2f000, 0x000001e0b2a31800, 0x000001e0b2a38000, 0x000001e0b2a41000,
0x000001e0b2a69000, 0x000001e0b2cc4000, 0x000001e0b2cc5800, 0x000001e0b2cc4800
}

Java Threads: ( => current thread )
  0x000001e096045000 JavaThread "main" [_thread_blocked, id=7940, stack(0x0000003d23000000,0x0000003d23100000)]
  0x000001e0b29ce000 JavaThread "Reference Handler" daemon [_thread_blocked, id=8892, stack(0x0000003d23700000,0x0000003d23800000)]
  0x000001e0b29d7000 JavaThread "Finalizer" daemon [_thread_blocked, id=13092, stack(0x0000003d23800000,0x0000003d23900000)]
  0x000001e0b29ea000 JavaThread "Signal Dispatcher" daemon [_thread_blocked, id=6892, stack(0x0000003d23900000,0x0000003d23a00000)]
  0x000001e0b2a2f000 JavaThread "Attach Listener" daemon [_thread_blocked, id=12292, stack(0x0000003d23a00000,0x0000003d23b00000)]
  0x000001e0b2a31800 JavaThread "Service Thread" daemon [_thread_blocked, id=8572, stack(0x0000003d23b00000,0x0000003d23c00000)]
  0x000001e0b2a38000 JavaThread "C2 CompilerThread0" daemon [_thread_in_native, id=1252, stack(0x0000003d23c00000,0x0000003d23d00000)]
  0x000001e0b2a41000 JavaThread "C1 CompilerThread0" daemon [_thread_blocked, id=11400, stack(0x0000003d23d00000,0x0000003d23e00000)]
  0x000001e0b2a69000 JavaThread "Sweeper thread" daemon [_thread_blocked, id=11968, stack(0x0000003d23e00000,0x0000003d23f00000)]
  0x000001e0b2cc4000 JavaThread "Common-Cleaner" daemon [_thread_blocked, id=2420, stack(0x0000003d24000000,0x0000003d24100000)]
  0x000001e0b2cc5800 JavaThread "ForkJoinPool-1-worker-3" daemon [_thread_blocked, id=12808, stack(0x0000003d24500000,0x0000003d24600000)]
  0x000001e0b2cc4800 JavaThread "ForkJoinPool-1-worker-1" daemon [_thread_blocked, id=14088, stack(0x0000003d24600000,0x0000003d24700000)]

Other Threads:
=>0x000001e0b29c8800 VMThread "VM Thread" [stack: 0x0000003d23600000,0x0000003d23700000] [id=5784]
  0x000001e0b2cb9800 WatcherThread [stack: 0x0000003d23f00000,0x0000003d24000000] [id=12832]
  0x000001e09605d800 GCTaskThread "GC Thread#0" [stack: 0x0000003d23100000,0x0000003d23200000] [id=9940]
  0x000001e0b31f3000 GCTaskThread "GC Thread#1" [stack: 0x0000003d24100000,0x0000003d24200000] [id=11480]
  0x000001e0b2e07800 GCTaskThread "GC Thread#2" [stack: 0x0000003d24700000,0x0000003d24800000] [id=5268]
  0x000001e0b2dbb800 GCTaskThread "GC Thread#3" [stack: 0x0000003d24800000,0x0000003d24900000] [id=1968]
  0x000001e096078000 ConcurrentGCThread "G1 Main Marker" [stack: 0x0000003d23200000,0x0000003d23300000] [id=6976]
  0x000001e096079800 ConcurrentGCThread "G1 Conc#0" [stack: 0x0000003d23300000,0x0000003d23400000] [id=13916]
  0x000001e0960a9000 ConcurrentGCThread "G1 Refine#0" [stack: 0x0000003d23400000,0x0000003d23500000] [id=7180]
  0x000001e0b2e2f000 ConcurrentGCThread "G1 Refine#1" [stack: 0x0000003d24200000,0x0000003d24300000] [id=1344]
  0x000001e0b3028000 ConcurrentGCThread "G1 Refine#2" [stack: 0x0000003d24300000,0x0000003d24400000] [id=11128]
  0x000001e0b3029000 ConcurrentGCThread "G1 Refine#3" [stack: 0x0000003d24400000,0x0000003d24500000] [id=9572]
  0x000001e0960aa000 ConcurrentGCThread "G1 Young RemSet Sampling" [stack: 0x0000003d23500000,0x0000003d23600000] [id=9472]

Threads with active compile tasks:
C2 CompilerThread0   8886 1945 %     4       com.android.tools.r8.internal.Pa::a @ 2487 (4413 bytes)

VM state:at safepoint (normal execution)

VM Mutex/Monitor currently owned by a thread:  ([mutex/lock_event])
[0x000001e0960410f0] Threads_lock - owner thread: 0x000001e0b29c8800
[0x000001e096040880] Heap_lock - owner thread: 0x000001e0b2cc5800

Heap address: 0x00000000c0000000, size: 1024 MB, Compressed Oops mode: 32-bit
Narrow klass base: 0x0000000000000000, Narrow klass shift: 3
Compressed class space size: 1073741824 Address: 0x0000000100000000

Heap:
 garbage-first heap   total 566272K, used 89482K [0x00000000c0000000, 0x0000000100000000)
  region size 1024K, 10 young (10240K), 10 survivors (10240K)
 Metaspace       used 14777K, capacity 15047K, committed 15232K, reserved 1062912K
  class space    used 1500K, capacity 1609K, committed 1664K, reserved 1048576K
Heap Regions: E=young(eden), S=young(survivor), O=old, HS=humongous(starts), HC=humongous(continues), CS=collection set, F=free, A=archive, TAMS=top-at-mark-start (previous, next)
|   0|0x00000000c0000000, 0x00000000c0100000, 0x00000000c0100000|100%|HS|  |TAMS 0x00000000c0100000, 0x00000000c0000000| Complete 
|   1|0x00000000c0100000, 0x00000000c0200000, 0x00000000c0200000|100%|HC|  |TAMS 0x00000000c0200000, 0x00000000c0100000| Complete 
|   2|0x00000000c0200000, 0x00000000c0300000, 0x00000000c0300000|100%| O|  |TAMS 0x00000000c0300000, 0x00000000c0200000| Untracked 
|   3|0x00000000c0300000, 0x00000000c0400000, 0x00000000c0400000|100%| O|  |TAMS 0x00000000c0400000, 0x00000000c0300000| Untracked 
|   4|0x00000000c0400000, 0x00000000c0500000, 0x00000000c0500000|100%| O|  |TAMS 0x00000000c0500000, 0x00000000c0400000| Untracked 
|   5|0x00000000c0500000, 0x00000000c0600000, 0x00000000c0600000|100%| O|  |TAMS 0x00000000c0600000, 0x00000000c0500000| Untracked 
|   6|0x00000000c0600000, 0x00000000c0700000, 0x00000000c0700000|100%| O|  |TAMS 0x00000000c0700000, 0x00000000c0600000| Untracked 
|   7|0x00000000c0700000, 0x00000000c0800000, 0x00000000c0800000|100%| O|  |TAMS 0x00000000c0800000, 0x00000000c0700000| Untracked 
|   8|0x00000000c0800000, 0x00000000c0900000, 0x00000000c0900000|100%| O|  |TAMS 0x00000000c0900000, 0x00000000c0800000| Untracked 
|   9|0x00000000c0900000, 0x00000000c0a00000, 0x00000000c0a00000|100%| O|  |TAMS 0x00000000c0a00000, 0x00000000c0900000| Untracked 
|  10|0x00000000c0a00000, 0x00000000c0b00000, 0x00000000c0b00000|100%| O|  |TAMS 0x00000000c0b00000, 0x00000000c0a00000| Untracked 
|  11|0x00000000c0b00000, 0x00000000c0c00000, 0x00000000c0c00000|100%| O|  |TAMS 0x00000000c0c00000, 0x00000000c0b00000| Untracked 
|  12|0x00000000c0c00000, 0x00000000c0d00000, 0x00000000c0d00000|100%| O|  |TAMS 0x00000000c0d00000, 0x00000000c0c00000| Untracked 
|  13|0x00000000c0d00000, 0x00000000c0e00000, 0x00000000c0e00000|100%| O|  |TAMS 0x00000000c0e00000, 0x00000000c0d00000| Untracked 
|  14|0x00000000c0e00000, 0x00000000c0f00000, 0x00000000c0f00000|100%| O|  |TAMS 0x00000000c0f00000, 0x00000000c0e00000| Untracked 
|  15|0x00000000c0f00000, 0x00000000c1000000, 0x00000000c1000000|100%| O|  |TAMS 0x00000000c1000000, 0x00000000c0f00000| Untracked 
|  16|0x00000000c1000000, 0x00000000c1100000, 0x00000000c1100000|100%| O|  |TAMS 0x00000000c1100000, 0x00000000c1000000| Untracked 
|  17|0x00000000c1100000, 0x00000000c1200000, 0x00000000c1200000|100%| O|  |TAMS 0x00000000c1200000, 0x00000000c1100000| Untracked 
|  18|0x00000000c1200000, 0x00000000c1300000, 0x00000000c1300000|100%| O|  |TAMS 0x00000000c1300000, 0x00000000c1200000| Untracked 
|  19|0x00000000c1300000, 0x00000000c1400000, 0x00000000c1400000|100%| O|  |TAMS 0x00000000c1400000, 0x00000000c1300000| Untracked 
|  20|0x00000000c1400000, 0x00000000c1500000, 0x00000000c1500000|100%| O|  |TAMS 0x00000000c1500000, 0x00000000c1400000| Untracked 
|  21|0x00000000c1500000, 0x00000000c1600000, 0x00000000c1600000|100%| O|  |TAMS 0x00000000c1600000, 0x00000000c1500000| Untracked 
|  22|0x00000000c1600000, 0x00000000c1700000, 0x00000000c1700000|100%| O|  |TAMS 0x00000000c1700000, 0x00000000c1600000| Untracked 
|  23|0x00000000c1700000, 0x00000000c1800000, 0x00000000c1800000|100%| O|  |TAMS 0x00000000c1800000, 0x00000000c1700000| Untracked 
|  24|0x00000000c1800000, 0x00000000c1900000, 0x00000000c1900000|100%| O|  |TAMS 0x00000000c1900000, 0x00000000c1800000| Untracked 
|  25|0x00000000c1900000, 0x00000000c1a00000, 0x00000000c1a00000|100%| O|  |TAMS 0x00000000c1a00000, 0x00000000c1900000| Untracked 
|  26|0x00000000c1a00000, 0x00000000c1b00000, 0x00000000c1b00000|100%| O|  |TAMS 0x00000000c1b00000, 0x00000000c1a00000| Untracked 
|  27|0x00000000c1b00000, 0x00000000c1c00000, 0x00000000c1c00000|100%| O|  |TAMS 0x00000000c1c00000, 0x00000000c1b00000| Untracked 
|  28|0x00000000c1c00000, 0x00000000c1d00000, 0x00000000c1d00000|100%| O|  |TAMS 0x00000000c1d00000, 0x00000000c1c00000| Untracked 
|  29|0x00000000c1d00000, 0x00000000c1e00000, 0x00000000c1e00000|100%| O|  |TAMS 0x00000000c1e00000, 0x00000000c1d00000| Untracked 
|  30|0x00000000c1e00000, 0x00000000c1f00000, 0x00000000c1f00000|100%| O|  |TAMS 0x00000000c1f00000, 0x00000000c1e00000| Untracked 
|  31|0x00000000c1f00000, 0x00000000c2000000, 0x00000000c2000000|100%| O|  |TAMS 0x00000000c2000000, 0x00000000c1f00000| Untracked 
|  32|0x00000000c2000000, 0x00000000c2100000, 0x00000000c2100000|100%| O|  |TAMS 0x00000000c2100000, 0x00000000c2000000| Untracked 
|  33|0x00000000c2100000, 0x00000000c2200000, 0x00000000c2200000|100%| O|  |TAMS 0x00000000c2200000, 0x00000000c2100000| Untracked 
|  34|0x00000000c2200000, 0x00000000c2300000, 0x00000000c2300000|100%| O|  |TAMS 0x00000000c2300000, 0x00000000c2200000| Untracked 
|  35|0x00000000c2300000, 0x00000000c2400000, 0x00000000c2400000|100%| O|  |TAMS 0x00000000c2400000, 0x00000000c2300000| Untracked 
|  36|0x00000000c2400000, 0x00000000c2500000, 0x00000000c2500000|100%| O|  |TAMS 0x00000000c2500000, 0x00000000c2400000| Untracked 
|  37|0x00000000c2500000, 0x00000000c2600000, 0x00000000c2600000|100%| O|  |TAMS 0x00000000c2600000, 0x00000000c2500000| Untracked 
|  38|0x00000000c2600000, 0x00000000c2700000, 0x00000000c2700000|100%| O|  |TAMS 0x00000000c2700000, 0x00000000c2600000| Untracked 
|  39|0x00000000c2700000, 0x00000000c2800000, 0x00000000c2800000|100%| O|  |TAMS 0x00000000c2800000, 0x00000000c2700000| Untracked 
|  40|0x00000000c2800000, 0x00000000c2900000, 0x00000000c2900000|100%| O|  |TAMS 0x00000000c2900000, 0x00000000c2800000| Untracked 
|  41|0x00000000c2900000, 0x00000000c2a00000, 0x00000000c2a00000|100%| O|  |TAMS 0x00000000c2a00000, 0x00000000c2900000| Untracked 
|  42|0x00000000c2a00000, 0x00000000c2b00000, 0x00000000c2b00000|100%| O|  |TAMS 0x00000000c2b00000, 0x00000000c2a00000| Untracked 
|  43|0x00000000c2b00000, 0x00000000c2c00000, 0x00000000c2c00000|100%| O|  |TAMS 0x00000000c2bf3e00, 0x00000000c2b00000| Untracked 
|  44|0x00000000c2c00000, 0x00000000c2d00000, 0x00000000c2d00000|100%| O|  |TAMS 0x00000000c2c00000, 0x00000000c2c00000| Untracked 
|  45|0x00000000c2d00000, 0x00000000c2e00000, 0x00000000c2e00000|100%| O|  |TAMS 0x00000000c2d00000, 0x00000000c2d00000| Untracked 
|  46|0x00000000c2e00000, 0x00000000c2f00000, 0x00000000c2f00000|100%| O|  |TAMS 0x00000000c2e00000, 0x00000000c2e00000| Untracked 
|  47|0x00000000c2f00000, 0x00000000c3000000, 0x00000000c3000000|100%| O|  |TAMS 0x00000000c2f00000, 0x00000000c2f00000| Untracked 
|  48|0x00000000c3000000, 0x00000000c3100000, 0x00000000c3100000|100%| O|  |TAMS 0x00000000c3000000, 0x00000000c3000000| Untracked 
|  49|0x00000000c3100000, 0x00000000c3200000, 0x00000000c3200000|100%| O|  |TAMS 0x00000000c3100000, 0x00000000c3100000| Untracked 
|  50|0x00000000c3200000, 0x00000000c3300000, 0x00000000c3300000|100%| O|  |TAMS 0x00000000c3200000, 0x00000000c3200000| Untracked 
|  51|0x00000000c3300000, 0x00000000c3400000, 0x00000000c3400000|100%| O|  |TAMS 0x00000000c3300000, 0x00000000c3300000| Untracked 
|  52|0x00000000c3400000, 0x00000000c3500000, 0x00000000c3500000|100%| O|  |TAMS 0x00000000c3400000, 0x00000000c3400000| Untracked 
|  53|0x00000000c3500000, 0x00000000c3600000, 0x00000000c3600000|100%| O|  |TAMS 0x00000000c3500000, 0x00000000c3500000| Untracked 
|  54|0x00000000c3600000, 0x00000000c3700000, 0x00000000c3700000|100%| O|  |TAMS 0x00000000c3600000, 0x00000000c3600000| Untracked 
|  55|0x00000000c3700000, 0x00000000c3800000, 0x00000000c3800000|100%| O|  |TAMS 0x00000000c3700000, 0x00000000c3700000| Untracked 
|  56|0x00000000c3800000, 0x00000000c3900000, 0x00000000c3900000|100%| O|  |TAMS 0x00000000c3800000, 0x00000000c3800000| Untracked 
|  57|0x00000000c3900000, 0x00000000c3a00000, 0x00000000c3a00000|100%| O|  |TAMS 0x00000000c3900000, 0x00000000c3900000| Untracked 
|  58|0x00000000c3a00000, 0x00000000c3b00000, 0x00000000c3b00000|100%| O|  |TAMS 0x00000000c3a00000, 0x00000000c3a00000| Untracked 
|  59|0x00000000c3b00000, 0x00000000c3c00000, 0x00000000c3c00000|100%| O|  |TAMS 0x00000000c3b00000, 0x00000000c3b00000| Untracked 
|  60|0x00000000c3c00000, 0x00000000c3d00000, 0x00000000c3d00000|100%| O|  |TAMS 0x00000000c3c00000, 0x00000000c3c00000| Untracked 
|  61|0x00000000c3d00000, 0x00000000c3e00000, 0x00000000c3e00000|100%| O|  |TAMS 0x00000000c3d00000, 0x00000000c3d00000| Untracked 
|  62|0x00000000c3e00000, 0x00000000c3f00000, 0x00000000c3f00000|100%| O|  |TAMS 0x00000000c3e00000, 0x00000000c3e00000| Untracked 
|  63|0x00000000c3f00000, 0x00000000c4000000, 0x00000000c4000000|100%| O|  |TAMS 0x00000000c3f00000, 0x00000000c3f00000| Untracked 
|  64|0x00000000c4000000, 0x00000000c4100000, 0x00000000c4100000|100%| O|  |TAMS 0x00000000c4000000, 0x00000000c4000000| Untracked 
|  65|0x00000000c4100000, 0x00000000c4200000, 0x00000000c4200000|100%| O|  |TAMS 0x00000000c4100000, 0x00000000c4100000| Untracked 
|  66|0x00000000c4200000, 0x00000000c4300000, 0x00000000c4300000|100%| O|  |TAMS 0x00000000c4200000, 0x00000000c4200000| Untracked 
|  67|0x00000000c4300000, 0x00000000c4400000, 0x00000000c4400000|100%| O|  |TAMS 0x00000000c4300000, 0x00000000c4300000| Untracked 
|  68|0x00000000c4400000, 0x00000000c4500000, 0x00000000c4500000|100%| O|  |TAMS 0x00000000c4400000, 0x00000000c4400000| Untracked 
|  69|0x00000000c4500000, 0x00000000c4600000, 0x00000000c4600000|100%| O|  |TAMS 0x00000000c4500000, 0x00000000c4500000| Untracked 
|  70|0x00000000c4600000, 0x00000000c4700000, 0x00000000c4700000|100%| O|  |TAMS 0x00000000c4600000, 0x00000000c4600000| Untracked 
|  71|0x00000000c4700000, 0x00000000c4800000, 0x00000000c4800000|100%| O|  |TAMS 0x00000000c4700000, 0x00000000c4700000| Untracked 
|  72|0x00000000c4800000, 0x00000000c4900000, 0x00000000c4900000|100%| O|  |TAMS 0x00000000c4800000, 0x00000000c4800000| Untracked 
|  73|0x00000000c4900000, 0x00000000c4a00000, 0x00000000c4a00000|100%| O|  |TAMS 0x00000000c4900000, 0x00000000c4900000| Untracked 
|  74|0x00000000c4a00000, 0x00000000c4b00000, 0x00000000c4b00000|100%| O|  |TAMS 0x00000000c4a00000, 0x00000000c4a00000| Untracked 
|  75|0x00000000c4b00000, 0x00000000c4c00000, 0x00000000c4c00000|100%| O|  |TAMS 0x00000000c4b00000, 0x00000000c4b00000| Untracked 
|  76|0x00000000c4c00000, 0x00000000c4d00000, 0x00000000c4d00000|100%| O|  |TAMS 0x00000000c4c00000, 0x00000000c4c00000| Untracked 
|  77|0x00000000c4d00000, 0x00000000c4d62800, 0x00000000c4e00000| 38%| O|  |TAMS 0x00000000c4d00000, 0x00000000c4d00000| Untracked 
|  78|0x00000000c4e00000, 0x00000000c4e00000, 0x00000000c4f00000|  0%| F|  |TAMS 0x00000000c4e00000, 0x00000000c4e00000| Untracked 
|  79|0x00000000c4f00000, 0x00000000c4f00000, 0x00000000c5000000|  0%| F|  |TAMS 0x00000000c4f00000, 0x00000000c4f00000| Untracked 
|  80|0x00000000c5000000, 0x00000000c5000000, 0x00000000c5100000|  0%| F|  |TAMS 0x00000000c5000000, 0x00000000c5000000| Untracked 
|  81|0x00000000c5100000, 0x00000000c5100000, 0x00000000c5200000|  0%| F|  |TAMS 0x00000000c5100000, 0x00000000c5100000| Untracked 
|  82|0x00000000c5200000, 0x00000000c5200000, 0x00000000c5300000|  0%| F|  |TAMS 0x00000000c5200000, 0x00000000c5200000| Untracked 
|  83|0x00000000c5300000, 0x00000000c5300000, 0x00000000c5400000|  0%| F|  |TAMS 0x00000000c5300000, 0x00000000c5300000| Untracked 
|  84|0x00000000c5400000, 0x00000000c5400000, 0x00000000c5500000|  0%| F|  |TAMS 0x00000000c5400000, 0x00000000c5400000| Untracked 
|  85|0x00000000c5500000, 0x00000000c5500000, 0x00000000c5600000|  0%| F|  |TAMS 0x00000000c5500000, 0x00000000c5500000| Untracked 
|  86|0x00000000c5600000, 0x00000000c5600000, 0x00000000c5700000|  0%| F|  |TAMS 0x00000000c5600000, 0x00000000c5600000| Untracked 
|  87|0x00000000c5700000, 0x00000000c5700000, 0x00000000c5800000|  0%| F|  |TAMS 0x00000000c5700000, 0x00000000c5700000| Untracked 
|  88|0x00000000c5800000, 0x00000000c5800000, 0x00000000c5900000|  0%| F|  |TAMS 0x00000000c5800000, 0x00000000c5800000| Untracked 
|  89|0x00000000c5900000, 0x00000000c5900000, 0x00000000c5a00000|  0%| F|  |TAMS 0x00000000c5900000, 0x00000000c5900000| Untracked 
|  90|0x00000000c5a00000, 0x00000000c5a00000, 0x00000000c5b00000|  0%| F|  |TAMS 0x00000000c5a00000, 0x00000000c5a00000| Untracked 
|  91|0x00000000c5b00000, 0x00000000c5b00000, 0x00000000c5c00000|  0%| F|  |TAMS 0x00000000c5b00000, 0x00000000c5b00000| Untracked 
|  92|0x00000000c5c00000, 0x00000000c5c00000, 0x00000000c5d00000|  0%| F|  |TAMS 0x00000000c5c00000, 0x00000000c5c00000| Untracked 
|  93|0x00000000c5d00000, 0x00000000c5d00000, 0x00000000c5e00000|  0%| F|  |TAMS 0x00000000c5d00000, 0x00000000c5d00000| Untracked 
|  94|0x00000000c5e00000, 0x00000000c5e00000, 0x00000000c5f00000|  0%| F|  |TAMS 0x00000000c5e00000, 0x00000000c5e00000| Untracked 
|  95|0x00000000c5f00000, 0x00000000c5f00000, 0x00000000c6000000|  0%| F|  |TAMS 0x00000000c5f00000, 0x00000000c5f00000| Untracked 
|  96|0x00000000c6000000, 0x00000000c6000000, 0x00000000c6100000|  0%| F|  |TAMS 0x00000000c6000000, 0x00000000c6000000| Untracked 
|  97|0x00000000c6100000, 0x00000000c6100000, 0x00000000c6200000|  0%| F|  |TAMS 0x00000000c6100000, 0x00000000c6100000| Untracked 
|  98|0x00000000c6200000, 0x00000000c6200000, 0x00000000c6300000|  0%| F|  |TAMS 0x00000000c6200000, 0x00000000c6200000| Untracked 
|  99|0x00000000c6300000, 0x00000000c6300000, 0x00000000c6400000|  0%| F|  |TAMS 0x00000000c6300000, 0x00000000c6300000| Untracked 
| 100|0x00000000c6400000, 0x00000000c6400000, 0x00000000c6500000|  0%| F|  |TAMS 0x00000000c6400000, 0x00000000c6400000| Untracked 
| 101|0x00000000c6500000, 0x00000000c6500000, 0x00000000c6600000|  0%| F|  |TAMS 0x00000000c6500000, 0x00000000c6500000| Untracked 
| 102|0x00000000c6600000, 0x00000000c6600000, 0x00000000c6700000|  0%| F|  |TAMS 0x00000000c6600000, 0x00000000c6600000| Untracked 
| 103|0x00000000c6700000, 0x00000000c6700000, 0x00000000c6800000|  0%| F|  |TAMS 0x00000000c6700000, 0x00000000c6700000| Untracked 
| 104|0x00000000c6800000, 0x00000000c6800000, 0x00000000c6900000|  0%| F|  |TAMS 0x00000000c6800000, 0x00000000c6800000| Untracked 
| 105|0x00000000c6900000, 0x00000000c6900000, 0x00000000c6a00000|  0%| F|  |TAMS 0x00000000c6900000, 0x00000000c6900000| Untracked 
| 106|0x00000000c6a00000, 0x00000000c6a00000, 0x00000000c6b00000|  0%| F|  |TAMS 0x00000000c6a00000, 0x00000000c6a00000| Untracked 
| 107|0x00000000c6b00000, 0x00000000c6b00000, 0x00000000c6c00000|  0%| F|  |TAMS 0x00000000c6b00000, 0x00000000c6b00000| Untracked 
| 108|0x00000000c6c00000, 0x00000000c6c00000, 0x00000000c6d00000|  0%| F|  |TAMS 0x00000000c6c00000, 0x00000000c6c00000| Untracked 
| 109|0x00000000c6d00000, 0x00000000c6d00000, 0x00000000c6e00000|  0%| F|  |TAMS 0x00000000c6d00000, 0x00000000c6d00000| Untracked 
| 110|0x00000000c6e00000, 0x00000000c6e00000, 0x00000000c6f00000|  0%| F|  |TAMS 0x00000000c6e00000, 0x00000000c6e00000| Untracked 
| 111|0x00000000c6f00000, 0x00000000c6f00000, 0x00000000c7000000|  0%| F|  |TAMS 0x00000000c6f00000, 0x00000000c6f00000| Untracked 
| 112|0x00000000c7000000, 0x00000000c7000000, 0x00000000c7100000|  0%| F|  |TAMS 0x00000000c7000000, 0x00000000c7000000| Untracked 
| 113|0x00000000c7100000, 0x00000000c7100000, 0x00000000c7200000|  0%| F|  |TAMS 0x00000000c7100000, 0x00000000c7100000| Untracked 
| 114|0x00000000c7200000, 0x00000000c7200000, 0x00000000c7300000|  0%| F|  |TAMS 0x00000000c7200000, 0x00000000c7200000| Untracked 
| 115|0x00000000c7300000, 0x00000000c7300000, 0x00000000c7400000|  0%| F|  |TAMS 0x00000000c7300000, 0x00000000c7300000| Untracked 
| 116|0x00000000c7400000, 0x00000000c7400000, 0x00000000c7500000|  0%| F|  |TAMS 0x00000000c7400000, 0x00000000c7400000| Untracked 
| 117|0x00000000c7500000, 0x00000000c7500000, 0x00000000c7600000|  0%| F|  |TAMS 0x00000000c7500000, 0x00000000c7500000| Untracked 
| 118|0x00000000c7600000, 0x00000000c7600000, 0x00000000c7700000|  0%| F|  |TAMS 0x00000000c7600000, 0x00000000c7600000| Untracked 
| 119|0x00000000c7700000, 0x00000000c7700000, 0x00000000c7800000|  0%| F|  |TAMS 0x00000000c7700000, 0x00000000c7700000| Untracked 
| 120|0x00000000c7800000, 0x00000000c7800000, 0x00000000c7900000|  0%| F|  |TAMS 0x00000000c7800000, 0x00000000c7800000| Untracked 
| 121|0x00000000c7900000, 0x00000000c7900000, 0x00000000c7a00000|  0%| F|  |TAMS 0x00000000c7900000, 0x00000000c7900000| Untracked 
| 122|0x00000000c7a00000, 0x00000000c7a00000, 0x00000000c7b00000|  0%| F|  |TAMS 0x00000000c7a00000, 0x00000000c7a00000| Untracked 
| 123|0x00000000c7b00000, 0x00000000c7b00000, 0x00000000c7c00000|  0%| F|  |TAMS 0x00000000c7b00000, 0x00000000c7b00000| Untracked 
| 124|0x00000000c7c00000, 0x00000000c7c00000, 0x00000000c7d00000|  0%| F|  |TAMS 0x00000000c7c00000, 0x00000000c7c00000| Untracked 
| 125|0x00000000c7d00000, 0x00000000c7d00000, 0x00000000c7e00000|  0%| F|  |TAMS 0x00000000c7d00000, 0x00000000c7d00000| Untracked 
| 126|0x00000000c7e00000, 0x00000000c7e00000, 0x00000000c7f00000|  0%| F|  |TAMS 0x00000000c7e00000, 0x00000000c7e00000| Untracked 
| 127|0x00000000c7f00000, 0x00000000c7f00000, 0x00000000c8000000|  0%| F|  |TAMS 0x00000000c7f00000, 0x00000000c7f00000| Untracked 
| 128|0x00000000c8000000, 0x00000000c8000000, 0x00000000c8100000|  0%| F|  |TAMS 0x00000000c8000000, 0x00000000c8000000| Untracked 
| 129|0x00000000c8100000, 0x00000000c8100000, 0x00000000c8200000|  0%| F|  |TAMS 0x00000000c8100000, 0x00000000c8100000| Untracked 
| 130|0x00000000c8200000, 0x00000000c8200000, 0x00000000c8300000|  0%| F|  |TAMS 0x00000000c8200000, 0x00000000c8200000| Untracked 
| 131|0x00000000c8300000, 0x00000000c8300000, 0x00000000c8400000|  0%| F|  |TAMS 0x00000000c8300000, 0x00000000c8300000| Untracked 
| 132|0x00000000c8400000, 0x00000000c8400000, 0x00000000c8500000|  0%| F|  |TAMS 0x00000000c8400000, 0x00000000c8400000| Untracked 
| 133|0x00000000c8500000, 0x00000000c8500000, 0x00000000c8600000|  0%| F|  |TAMS 0x00000000c8500000, 0x00000000c8500000| Untracked 
| 134|0x00000000c8600000, 0x00000000c8600000, 0x00000000c8700000|  0%| F|  |TAMS 0x00000000c8600000, 0x00000000c8600000| Untracked 
| 135|0x00000000c8700000, 0x00000000c8700000, 0x00000000c8800000|  0%| F|  |TAMS 0x00000000c8700000, 0x00000000c8700000| Untracked 
| 136|0x00000000c8800000, 0x00000000c8800000, 0x00000000c8900000|  0%| F|  |TAMS 0x00000000c8800000, 0x00000000c8800000| Untracked 
| 137|0x00000000c8900000, 0x00000000c8900000, 0x00000000c8a00000|  0%| F|  |TAMS 0x00000000c8900000, 0x00000000c8900000| Untracked 
| 138|0x00000000c8a00000, 0x00000000c8a00000, 0x00000000c8b00000|  0%| F|  |TAMS 0x00000000c8a00000, 0x00000000c8a00000| Untracked 
| 139|0x00000000c8b00000, 0x00000000c8b00000, 0x00000000c8c00000|  0%| F|  |TAMS 0x00000000c8b00000, 0x00000000c8b00000| Untracked 
| 140|0x00000000c8c00000, 0x00000000c8c00000, 0x00000000c8d00000|  0%| F|  |TAMS 0x00000000c8c00000, 0x00000000c8c00000| Untracked 
| 141|0x00000000c8d00000, 0x00000000c8d00000, 0x00000000c8e00000|  0%| F|  |TAMS 0x00000000c8d00000, 0x00000000c8d00000| Untracked 
| 142|0x00000000c8e00000, 0x00000000c8e00000, 0x00000000c8f00000|  0%| F|  |TAMS 0x00000000c8e00000, 0x00000000c8e00000| Untracked 
| 143|0x00000000c8f00000, 0x00000000c8f00000, 0x00000000c9000000|  0%| F|  |TAMS 0x00000000c8f00000, 0x00000000c8f00000| Untracked 
| 144|0x00000000c9000000, 0x00000000c9000000, 0x00000000c9100000|  0%| F|  |TAMS 0x00000000c9000000, 0x00000000c9000000| Untracked 
| 145|0x00000000c9100000, 0x00000000c9100000, 0x00000000c9200000|  0%| F|  |TAMS 0x00000000c9100000, 0x00000000c9100000| Untracked 
| 146|0x00000000c9200000, 0x00000000c9200000, 0x00000000c9300000|  0%| F|  |TAMS 0x00000000c9200000, 0x00000000c9200000| Untracked 
| 147|0x00000000c9300000, 0x00000000c9300000, 0x00000000c9400000|  0%| F|  |TAMS 0x00000000c9300000, 0x00000000c9300000| Untracked 
| 148|0x00000000c9400000, 0x00000000c9400000, 0x00000000c9500000|  0%| F|  |TAMS 0x00000000c9400000, 0x00000000c9400000| Untracked 
| 149|0x00000000c9500000, 0x00000000c9500000, 0x00000000c9600000|  0%| F|  |TAMS 0x00000000c9500000, 0x00000000c9500000| Untracked 
| 150|0x00000000c9600000, 0x00000000c9600000, 0x00000000c9700000|  0%| F|  |TAMS 0x00000000c9600000, 0x00000000c9600000| Untracked 
| 151|0x00000000c9700000, 0x00000000c9800000, 0x00000000c9800000|100%| S|CS|TAMS 0x00000000c9700000, 0x00000000c9700000| Complete 
| 152|0x00000000c9800000, 0x00000000c9900000, 0x00000000c9900000|100%| S|CS|TAMS 0x00000000c9800000, 0x00000000c9800000| Complete 
| 153|0x00000000c9900000, 0x00000000c9a00000, 0x00000000c9a00000|100%| S|CS|TAMS 0x00000000c9900000, 0x00000000c9900000| Complete 
| 154|0x00000000c9a00000, 0x00000000c9b00000, 0x00000000c9b00000|100%| S|CS|TAMS 0x00000000c9a00000, 0x00000000c9a00000| Complete 
| 155|0x00000000c9b00000, 0x00000000c9c00000, 0x00000000c9c00000|100%| S|CS|TAMS 0x00000000c9b00000, 0x00000000c9b00000| Complete 
| 156|0x00000000c9c00000, 0x00000000c9d00000, 0x00000000c9d00000|100%| S|CS|TAMS 0x00000000c9c00000, 0x00000000c9c00000| Complete 
| 157|0x00000000c9d00000, 0x00000000c9e00000, 0x00000000c9e00000|100%| S|CS|TAMS 0x00000000c9d00000, 0x00000000c9d00000| Complete 
| 158|0x00000000c9e00000, 0x00000000c9f00000, 0x00000000c9f00000|100%| S|CS|TAMS 0x00000000c9e00000, 0x00000000c9e00000| Complete 
| 159|0x00000000c9f00000, 0x00000000ca000000, 0x00000000ca000000|100%| S|CS|TAMS 0x00000000c9f00000, 0x00000000c9f00000| Complete 
| 160|0x00000000ca000000, 0x00000000ca100000, 0x00000000ca100000|100%| S|CS|TAMS 0x00000000ca000000, 0x00000000ca000000| Complete 
| 161|0x00000000ca100000, 0x00000000ca100000, 0x00000000ca200000|  0%| F|  |TAMS 0x00000000ca100000, 0x00000000ca100000| Untracked 
| 162|0x00000000ca200000, 0x00000000ca200000, 0x00000000ca300000|  0%| F|  |TAMS 0x00000000ca200000, 0x00000000ca200000| Untracked 
| 163|0x00000000ca300000, 0x00000000ca300000, 0x00000000ca400000|  0%| F|  |TAMS 0x00000000ca300000, 0x00000000ca300000| Untracked 
| 164|0x00000000ca400000, 0x00000000ca400000, 0x00000000ca500000|  0%| F|  |TAMS 0x00000000ca400000, 0x00000000ca400000| Untracked 
| 165|0x00000000ca500000, 0x00000000ca500000, 0x00000000ca600000|  0%| F|  |TAMS 0x00000000ca500000, 0x00000000ca500000| Untracked 
| 166|0x00000000ca600000, 0x00000000ca600000, 0x00000000ca700000|  0%| F|  |TAMS 0x00000000ca600000, 0x00000000ca600000| Untracked 
| 167|0x00000000ca700000, 0x00000000ca700000, 0x00000000ca800000|  0%| F|  |TAMS 0x00000000ca700000, 0x00000000ca700000| Untracked 
| 168|0x00000000ca800000, 0x00000000ca800000, 0x00000000ca900000|  0%| F|  |TAMS 0x00000000ca800000, 0x00000000ca800000| Untracked 
| 169|0x00000000ca900000, 0x00000000ca900000, 0x00000000caa00000|  0%| F|  |TAMS 0x00000000ca900000, 0x00000000ca900000| Untracked 
| 170|0x00000000caa00000, 0x00000000caa00000, 0x00000000cab00000|  0%| F|  |TAMS 0x00000000caa00000, 0x00000000caa00000| Untracked 
| 171|0x00000000cab00000, 0x00000000cab00000, 0x00000000cac00000|  0%| F|  |TAMS 0x00000000cab00000, 0x00000000cab00000| Untracked 
| 172|0x00000000cac00000, 0x00000000cac00000, 0x00000000cad00000|  0%| F|  |TAMS 0x00000000cac00000, 0x00000000cac00000| Untracked 
| 173|0x00000000cad00000, 0x00000000cad00000, 0x00000000cae00000|  0%| F|  |TAMS 0x00000000cad00000, 0x00000000cad00000| Untracked 
| 174|0x00000000cae00000, 0x00000000cae00000, 0x00000000caf00000|  0%| F|  |TAMS 0x00000000cae00000, 0x00000000cae00000| Untracked 
| 175|0x00000000caf00000, 0x00000000caf00000, 0x00000000cb000000|  0%| F|  |TAMS 0x00000000caf00000, 0x00000000caf00000| Untracked 
| 176|0x00000000cb000000, 0x00000000cb000000, 0x00000000cb100000|  0%| F|  |TAMS 0x00000000cb000000, 0x00000000cb000000| Untracked 
| 177|0x00000000cb100000, 0x00000000cb100000, 0x00000000cb200000|  0%| F|  |TAMS 0x00000000cb100000, 0x00000000cb100000| Untracked 
| 178|0x00000000cb200000, 0x00000000cb200000, 0x00000000cb300000|  0%| F|  |TAMS 0x00000000cb200000, 0x00000000cb200000| Untracked 
| 179|0x00000000cb300000, 0x00000000cb300000, 0x00000000cb400000|  0%| F|  |TAMS 0x00000000cb300000, 0x00000000cb300000| Untracked 
| 180|0x00000000cb400000, 0x00000000cb400000, 0x00000000cb500000|  0%| F|  |TAMS 0x00000000cb400000, 0x00000000cb400000| Untracked 
| 181|0x00000000cb500000, 0x00000000cb500000, 0x00000000cb600000|  0%| F|  |TAMS 0x00000000cb500000, 0x00000000cb500000| Untracked 
| 182|0x00000000cb600000, 0x00000000cb600000, 0x00000000cb700000|  0%| F|  |TAMS 0x00000000cb600000, 0x00000000cb600000| Untracked 
| 183|0x00000000cb700000, 0x00000000cb700000, 0x00000000cb800000|  0%| F|  |TAMS 0x00000000cb700000, 0x00000000cb700000| Untracked 
| 184|0x00000000cb800000, 0x00000000cb800000, 0x00000000cb900000|  0%| F|  |TAMS 0x00000000cb800000, 0x00000000cb800000| Untracked 
| 185|0x00000000cb900000, 0x00000000cb900000, 0x00000000cba00000|  0%| F|  |TAMS 0x00000000cb900000, 0x00000000cb900000| Untracked 
| 186|0x00000000cba00000, 0x00000000cba00000, 0x00000000cbb00000|  0%| F|  |TAMS 0x00000000cba00000, 0x00000000cba00000| Untracked 
| 187|0x00000000cbb00000, 0x00000000cbb00000, 0x00000000cbc00000|  0%| F|  |TAMS 0x00000000cbb00000, 0x00000000cbb00000| Untracked 
| 188|0x00000000cbc00000, 0x00000000cbc00000, 0x00000000cbd00000|  0%| F|  |TAMS 0x00000000cbc00000, 0x00000000cbc00000| Untracked 
| 189|0x00000000cbd00000, 0x00000000cbd00000, 0x00000000cbe00000|  0%| F|  |TAMS 0x00000000cbd00000, 0x00000000cbd00000| Untracked 
| 190|0x00000000cbe00000, 0x00000000cbe00000, 0x00000000cbf00000|  0%| F|  |TAMS 0x00000000cbe00000, 0x00000000cbe00000| Untracked 
| 191|0x00000000cbf00000, 0x00000000cbf00000, 0x00000000cc000000|  0%| F|  |TAMS 0x00000000cbf00000, 0x00000000cbf00000| Untracked 
| 192|0x00000000cc000000, 0x00000000cc000000, 0x00000000cc100000|  0%| F|  |TAMS 0x00000000cc000000, 0x00000000cc000000| Untracked 
| 193|0x00000000cc100000, 0x00000000cc100000, 0x00000000cc200000|  0%| F|  |TAMS 0x00000000cc100000, 0x00000000cc100000| Untracked 
| 194|0x00000000cc200000, 0x00000000cc200000, 0x00000000cc300000|  0%| F|  |TAMS 0x00000000cc200000, 0x00000000cc200000| Untracked 
| 195|0x00000000cc300000, 0x00000000cc300000, 0x00000000cc400000|  0%| F|  |TAMS 0x00000000cc300000, 0x00000000cc300000| Untracked 
| 196|0x00000000cc400000, 0x00000000cc400000, 0x00000000cc500000|  0%| F|  |TAMS 0x00000000cc400000, 0x00000000cc400000| Untracked 
| 197|0x00000000cc500000, 0x00000000cc500000, 0x00000000cc600000|  0%| F|  |TAMS 0x00000000cc500000, 0x00000000cc500000| Untracked 
| 198|0x00000000cc600000, 0x00000000cc600000, 0x00000000cc700000|  0%| F|  |TAMS 0x00000000cc600000, 0x00000000cc600000| Untracked 
| 199|0x00000000cc700000, 0x00000000cc700000, 0x00000000cc800000|  0%| F|  |TAMS 0x00000000cc700000, 0x00000000cc700000| Untracked 
| 200|0x00000000cc800000, 0x00000000cc800000, 0x00000000cc900000|  0%| F|  |TAMS 0x00000000cc800000, 0x00000000cc800000| Untracked 
| 201|0x00000000cc900000, 0x00000000cc900000, 0x00000000cca00000|  0%| F|  |TAMS 0x00000000cc900000, 0x00000000cc900000| Untracked 
| 202|0x00000000cca00000, 0x00000000cca00000, 0x00000000ccb00000|  0%| F|  |TAMS 0x00000000cca00000, 0x00000000cca00000| Untracked 
| 203|0x00000000ccb00000, 0x00000000ccb00000, 0x00000000ccc00000|  0%| F|  |TAMS 0x00000000ccb00000, 0x00000000ccb00000| Untracked 
| 204|0x00000000ccc00000, 0x00000000ccc00000, 0x00000000ccd00000|  0%| F|  |TAMS 0x00000000ccc00000, 0x00000000ccc00000| Untracked 
| 205|0x00000000ccd00000, 0x00000000ccd00000, 0x00000000cce00000|  0%| F|  |TAMS 0x00000000ccd00000, 0x00000000ccd00000| Untracked 
| 206|0x00000000cce00000, 0x00000000cce00000, 0x00000000ccf00000|  0%| F|  |TAMS 0x00000000cce00000, 0x00000000cce00000| Untracked 
| 207|0x00000000ccf00000, 0x00000000ccf00000, 0x00000000cd000000|  0%| F|  |TAMS 0x00000000ccf00000, 0x00000000ccf00000| Untracked 
| 208|0x00000000cd000000, 0x00000000cd000000, 0x00000000cd100000|  0%| F|  |TAMS 0x00000000cd000000, 0x00000000cd000000| Untracked 
| 209|0x00000000cd100000, 0x00000000cd100000, 0x00000000cd200000|  0%| F|  |TAMS 0x00000000cd100000, 0x00000000cd100000| Untracked 
| 210|0x00000000cd200000, 0x00000000cd200000, 0x00000000cd300000|  0%| F|  |TAMS 0x00000000cd200000, 0x00000000cd200000| Untracked 
| 211|0x00000000cd300000, 0x00000000cd300000, 0x00000000cd400000|  0%| F|  |TAMS 0x00000000cd300000, 0x00000000cd300000| Untracked 
| 212|0x00000000cd400000, 0x00000000cd400000, 0x00000000cd500000|  0%| F|  |TAMS 0x00000000cd400000, 0x00000000cd400000| Untracked 
| 213|0x00000000cd500000, 0x00000000cd500000, 0x00000000cd600000|  0%| F|  |TAMS 0x00000000cd500000, 0x00000000cd500000| Untracked 
| 214|0x00000000cd600000, 0x00000000cd600000, 0x00000000cd700000|  0%| F|  |TAMS 0x00000000cd600000, 0x00000000cd600000| Untracked 
| 215|0x00000000cd700000, 0x00000000cd700000, 0x00000000cd800000|  0%| F|  |TAMS 0x00000000cd700000, 0x00000000cd700000| Untracked 
| 216|0x00000000cd800000, 0x00000000cd800000, 0x00000000cd900000|  0%| F|  |TAMS 0x00000000cd800000, 0x00000000cd800000| Untracked 
| 217|0x00000000cd900000, 0x00000000cd900000, 0x00000000cda00000|  0%| F|  |TAMS 0x00000000cd900000, 0x00000000cd900000| Untracked 
| 218|0x00000000cda00000, 0x00000000cda00000, 0x00000000cdb00000|  0%| F|  |TAMS 0x00000000cda00000, 0x00000000cda00000| Untracked 
| 219|0x00000000cdb00000, 0x00000000cdb00000, 0x00000000cdc00000|  0%| F|  |TAMS 0x00000000cdb00000, 0x00000000cdb00000| Untracked 
| 220|0x00000000cdc00000, 0x00000000cdc00000, 0x00000000cdd00000|  0%| F|  |TAMS 0x00000000cdc00000, 0x00000000cdc00000| Untracked 
| 221|0x00000000cdd00000, 0x00000000cdd00000, 0x00000000cde00000|  0%| F|  |TAMS 0x00000000cdd00000, 0x00000000cdd00000| Untracked 
| 222|0x00000000cde00000, 0x00000000cde00000, 0x00000000cdf00000|  0%| F|  |TAMS 0x00000000cde00000, 0x00000000cde00000| Untracked 
| 223|0x00000000cdf00000, 0x00000000cdf00000, 0x00000000ce000000|  0%| F|  |TAMS 0x00000000cdf00000, 0x00000000cdf00000| Untracked 
| 224|0x00000000ce000000, 0x00000000ce000000, 0x00000000ce100000|  0%| F|  |TAMS 0x00000000ce000000, 0x00000000ce000000| Untracked 
| 225|0x00000000ce100000, 0x00000000ce100000, 0x00000000ce200000|  0%| F|  |TAMS 0x00000000ce100000, 0x00000000ce100000| Untracked 
| 226|0x00000000ce200000, 0x00000000ce200000, 0x00000000ce300000|  0%| F|  |TAMS 0x00000000ce200000, 0x00000000ce200000| Untracked 
| 227|0x00000000ce300000, 0x00000000ce300000, 0x00000000ce400000|  0%| F|  |TAMS 0x00000000ce300000, 0x00000000ce300000| Untracked 
| 228|0x00000000ce400000, 0x00000000ce400000, 0x00000000ce500000|  0%| F|  |TAMS 0x00000000ce400000, 0x00000000ce400000| Untracked 
| 229|0x00000000ce500000, 0x00000000ce500000, 0x00000000ce600000|  0%| F|  |TAMS 0x00000000ce500000, 0x00000000ce500000| Untracked 
| 230|0x00000000ce600000, 0x00000000ce600000, 0x00000000ce700000|  0%| F|  |TAMS 0x00000000ce600000, 0x00000000ce600000| Untracked 
| 231|0x00000000ce700000, 0x00000000ce700000, 0x00000000ce800000|  0%| F|  |TAMS 0x00000000ce700000, 0x00000000ce700000| Untracked 
| 232|0x00000000ce800000, 0x00000000ce800000, 0x00000000ce900000|  0%| F|  |TAMS 0x00000000ce800000, 0x00000000ce800000| Untracked 
| 233|0x00000000ce900000, 0x00000000ce900000, 0x00000000cea00000|  0%| F|  |TAMS 0x00000000ce900000, 0x00000000ce900000| Untracked 
| 234|0x00000000cea00000, 0x00000000cea00000, 0x00000000ceb00000|  0%| F|  |TAMS 0x00000000cea00000, 0x00000000cea00000| Untracked 
| 235|0x00000000ceb00000, 0x00000000ceb00000, 0x00000000cec00000|  0%| F|  |TAMS 0x00000000ceb00000, 0x00000000ceb00000| Untracked 
| 236|0x00000000cec00000, 0x00000000cec00000, 0x00000000ced00000|  0%| F|  |TAMS 0x00000000cec00000, 0x00000000cec00000| Untracked 
| 237|0x00000000ced00000, 0x00000000ced00000, 0x00000000cee00000|  0%| F|  |TAMS 0x00000000ced00000, 0x00000000ced00000| Untracked 
| 238|0x00000000cee00000, 0x00000000cee00000, 0x00000000cef00000|  0%| F|  |TAMS 0x00000000cee00000, 0x00000000cee00000| Untracked 

Card table byte_map: [0x000001e0ad960000,0x000001e0adb60000] _byte_map_base: 0x000001e0ad360000

Marking Bits (Prev, Next): (CMBitMap*) 0x000001e096073140, (CMBitMap*) 0x000001e096073108
 Prev Bits: [0x000001e0aed60000, 0x000001e0afd60000)
 Next Bits: [0x000001e0add60000, 0x000001e0aed60000)

Polling page: 0x000001e093fc0000

Metaspace:

Usage:
  Non-class:     13.12 MB capacity,    12.97 MB ( 99%) used,   137.21 KB (  1%) free+waste,    23.69 KB ( <1%) overhead. 
      Class:      1.57 MB capacity,     1.46 MB ( 93%) used,    98.60 KB (  6%) free+waste,    10.25 KB ( <1%) overhead. 
       Both:     14.69 MB capacity,    14.43 MB ( 98%) used,   235.81 KB (  2%) free+waste,    33.94 KB ( <1%) overhead. 

Virtual space:
  Non-class space:       14.00 MB reserved,      13.25 MB ( 95%) committed 
      Class space:        1.00 GB reserved,       1.63 MB ( <1%) committed 
             Both:        1.01 GB reserved,      14.88 MB (  1%) committed 

Chunk freelists:
   Non-Class:  2.00 KB
       Class:  23.00 KB
        Both:  25.00 KB

MaxMetaspaceSize: 17179869184.00 GB
CompressedClassSpaceSize: 1.00 GB
Initial GC threshold: 20.80 MB
Current GC threshold: 21.88 MB
CDS: off

CodeHeap 'non-profiled nmethods': size=120064Kb used=836Kb max_used=836Kb free=119227Kb
 bounds [0x000001e0a6220000, 0x000001e0a6490000, 0x000001e0ad760000]
CodeHeap 'profiled nmethods': size=120000Kb used=5479Kb max_used=5479Kb free=114520Kb
 bounds [0x000001e09ecf0000, 0x000001e09f250000, 0x000001e0a6220000]
CodeHeap 'non-nmethods': size=5696Kb used=1139Kb max_used=1185Kb free=4556Kb
 bounds [0x000001e09e760000, 0x000001e09e9d0000, 0x000001e09ecf0000]
 total_blobs=2288 nmethods=1900 adapters=301
 compilation: enabled
              stopped_count=0, restarted_count=0
 full_count=0

Compilation events (20 events):
Event: 8.025 Thread 0x000001e0b2a41000 1968 %     3       java.util.IdentityHashMap::resize @ 58 (153 bytes)
Event: 8.026 Thread 0x000001e0b2a41000 nmethod 1968% 0x000001e09f22dc90 code [0x000001e09f22df00, 0x000001e09f22edb8]
Event: 8.026 Thread 0x000001e0b2a41000 1965       2       com.android.tools.r8.internal.cb::a (52 bytes)
Event: 8.026 Thread 0x000001e0b2a41000 nmethod 1965 0x000001e09f22f290 code [0x000001e09f22f460, 0x000001e09f22f678]
Event: 8.026 Thread 0x000001e0b2a41000 1966       2       com.android.tools.r8.internal.cb::a (16 bytes)
Event: 8.027 Thread 0x000001e0b2a41000 nmethod 1966 0x000001e09f22f790 code [0x000001e09f22f940, 0x000001e09f22fa68]
Event: 8.027 Thread 0x000001e0b2a41000 1967       2       com.android.tools.r8.graph.v2::<init> (36 bytes)
Event: 8.027 Thread 0x000001e0b2a41000 nmethod 1967 0x000001e09f22fb10 code [0x000001e09f22fcc0, 0x000001e09f22ffd8]
Event: 8.046 Thread 0x000001e0b2a41000 1969       2       com.android.tools.r8.internal.Q7::<init> (86 bytes)
Event: 8.046 Thread 0x000001e0b2a41000 nmethod 1969 0x000001e09f230090 code [0x000001e09f230240, 0x000001e09f2303d8]
Event: 8.210 Thread 0x000001e0b2a38000 nmethod 1937 0x000001e0a62e7710 code [0x000001e0a62e7fc0, 0x000001e0a62ef4b0]
Event: 8.211 Thread 0x000001e0b2a38000 1945 %     4       com.android.tools.r8.internal.Pa::a @ 2487 (4413 bytes)
Event: 8.240 Thread 0x000001e0b2a41000 1974       2       com.android.tools.r8.internal.s8::<init> (10 bytes)
Event: 8.241 Thread 0x000001e0b2a41000 nmethod 1974 0x000001e09f230490 code [0x000001e09f230640, 0x000001e09f230778]
Event: 8.244 Thread 0x000001e0b2a41000 1975       2       com.android.tools.r8.graph.y2::a (2719 bytes)
Event: 8.259 Thread 0x000001e0b2a41000 nmethod 1975 0x000001e09f230810 code [0x000001e09f2314e0, 0x000001e09f238468]
Event: 8.530 Thread 0x000001e0b2a41000 1976       3       java.util.IdentityHashMap::resize (153 bytes)
Event: 8.531 Thread 0x000001e0b2a41000 nmethod 1976 0x000001e09f23b490 code [0x000001e09f23b700, 0x000001e09f23c478]
Event: 8.532 Thread 0x000001e0b2a41000 1977       3       com.android.tools.r8.internal.X9::a (871 bytes)
Event: 8.548 Thread 0x000001e0b2a41000 nmethod 1977 0x000001e09f23c810 code [0x000001e09f23d4a0, 0x000001e09f247518]

GC Heap History (20 events):
Event: 4.649 GC heap after
{Heap after GC invocations=22 (full 0):
 garbage-first heap   total 45056K, used 26962K [0x00000000c0000000, 0x0000000100000000)
  region size 1024K, 1 young (1024K), 1 survivors (1024K)
 Metaspace       used 12421K, capacity 12617K, committed 12800K, reserved 1060864K
  class space    used 1220K, capacity 1274K, committed 1280K, reserved 1048576K
}
Event: 4.788 GC heap before
{Heap before GC invocations=23 (full 0):
 garbage-first heap   total 45056K, used 32082K [0x00000000c0000000, 0x0000000100000000)
  region size 1024K, 6 young (6144K), 1 survivors (1024K)
 Metaspace       used 12758K, capacity 12928K, committed 13184K, reserved 1060864K
  class space    used 1248K, capacity 1315K, committed 1408K, reserved 1048576K
}
Event: 4.797 GC heap after
{Heap after GC invocations=24 (full 0):
 garbage-first heap   total 45056K, used 28105K [0x00000000c0000000, 0x0000000100000000)
  region size 1024K, 1 young (1024K), 1 survivors (1024K)
 Metaspace       used 12758K, capacity 12928K, committed 13184K, reserved 1060864K
  class space    used 1248K, capacity 1315K, committed 1408K, reserved 1048576K
}
Event: 4.894 GC heap before
{Heap before GC invocations=24 (full 0):
 garbage-first heap   total 45056K, used 33225K [0x00000000c0000000, 0x0000000100000000)
  region size 1024K, 6 young (6144K), 1 survivors (1024K)
 Metaspace       used 12912K, capacity 13062K, committed 13184K, reserved 1060864K
  class space    used 1271K, capacity 1317K, committed 1408K, reserved 1048576K
}
Event: 4.906 GC heap after
{Heap after GC invocations=25 (full 0):
 garbage-first heap   total 83968K, used 29893K [0x00000000c0000000, 0x0000000100000000)
  region size 1024K, 1 young (1024K), 1 survivors (1024K)
 Metaspace       used 12912K, capacity 13062K, committed 13184K, reserved 1060864K
  class space    used 1271K, capacity 1317K, committed 1408K, reserved 1048576K
}
Event: 5.128 GC heap before
{Heap before GC invocations=26 (full 0):
 garbage-first heap   total 83968K, used 44229K [0x00000000c0000000, 0x0000000100000000)
  region size 1024K, 16 young (16384K), 1 survivors (1024K)
 Metaspace       used 12963K, capacity 13144K, committed 13440K, reserved 1060864K
  class space    used 1271K, capacity 1341K, committed 1408K, reserved 1048576K
}
Event: 5.157 GC heap after
{Heap after GC invocations=27 (full 0):
 garbage-first heap   total 83968K, used 34800K [0x00000000c0000000, 0x0000000100000000)
  region size 1024K, 2 young (2048K), 2 survivors (2048K)
 Metaspace       used 12963K, capacity 13144K, committed 13440K, reserved 1060864K
  class space    used 1271K, capacity 1341K, committed 1408K, reserved 1048576K
}
Event: 5.312 GC heap before
{Heap before GC invocations=27 (full 0):
 garbage-first heap   total 83968K, used 49136K [0x00000000c0000000, 0x0000000100000000)
  region size 1024K, 17 young (17408K), 2 survivors (2048K)
 Metaspace       used 13143K, capacity 13362K, committed 13440K, reserved 1060864K
  class space    used 1288K, capacity 1350K, committed 1408K, reserved 1048576K
}
Event: 5.350 GC heap after
{Heap after GC invocations=28 (full 0):
 garbage-first heap   total 83968K, used 39529K [0x00000000c0000000, 0x0000000100000000)
  region size 1024K, 3 young (3072K), 3 survivors (3072K)
 Metaspace       used 13143K, capacity 13362K, committed 13440K, reserved 1060864K
  class space    used 1288K, capacity 1350K, committed 1408K, reserved 1048576K
}
Event: 5.488 GC heap before
{Heap before GC invocations=28 (full 0):
 garbage-first heap   total 83968K, used 53865K [0x00000000c0000000, 0x0000000100000000)
  region size 1024K, 17 young (17408K), 3 survivors (3072K)
 Metaspace       used 13157K, capacity 13363K, committed 13440K, reserved 1060864K
  class space    used 1288K, capacity 1350K, committed 1408K, reserved 1048576K
}
Event: 5.524 GC heap after
{Heap after GC invocations=29 (full 0):
 garbage-first heap   total 83968K, used 43613K [0x00000000c0000000, 0x0000000100000000)
  region size 1024K, 3 young (3072K), 3 survivors (3072K)
 Metaspace       used 13157K, capacity 13363K, committed 13440K, reserved 1060864K
  class space    used 1288K, capacity 1350K, committed 1408K, reserved 1048576K
}
Event: 5.607 GC heap before
{Heap before GC invocations=29 (full 0):
 garbage-first heap   total 83968K, used 56925K [0x00000000c0000000, 0x0000000100000000)
  region size 1024K, 16 young (16384K), 3 survivors (3072K)
 Metaspace       used 13179K, capacity 13366K, committed 13440K, reserved 1060864K
  class space    used 1288K, capacity 1350K, committed 1408K, reserved 1048576K
}
Event: 5.645 GC heap after
{Heap after GC invocations=30 (full 0):
 garbage-first heap   total 244736K, used 47055K [0x00000000c0000000, 0x0000000100000000)
  region size 1024K, 2 young (2048K), 2 survivors (2048K)
 Metaspace       used 13179K, capacity 13366K, committed 13440K, reserved 1060864K
  class space    used 1288K, capacity 1350K, committed 1408K, reserved 1048576K
}
Event: 6.054 GC heap before
{Heap before GC invocations=31 (full 0):
 garbage-first heap   total 244736K, used 86991K [0x00000000c0000000, 0x0000000100000000)
  region size 1024K, 42 young (43008K), 2 survivors (2048K)
 Metaspace       used 13201K, capacity 13349K, committed 13440K, reserved 1060864K
  class space    used 1285K, capacity 1342K, committed 1408K, reserved 1048576K
}
Event: 6.200 GC heap after
{Heap after GC invocations=32 (full 0):
 garbage-first heap   total 244736K, used 56720K [0x00000000c0000000, 0x0000000100000000)
  region size 1024K, 6 young (6144K), 6 survivors (6144K)
 Metaspace       used 13201K, capacity 13349K, committed 13440K, reserved 1060864K
  class space    used 1285K, capacity 1342K, committed 1408K, reserved 1048576K
}
Event: 7.395 GC heap before
{Heap before GC invocations=32 (full 0):
 garbage-first heap   total 244736K, used 94608K [0x00000000c0000000, 0x0000000100000000)
  region size 1024K, 43 young (44032K), 6 survivors (6144K)
 Metaspace       used 14711K, capacity 14982K, committed 15232K, reserved 1062912K
  class space    used 1496K, capacity 1609K, committed 1664K, reserved 1048576K
}
Event: 7.467 GC heap after
{Heap after GC invocations=33 (full 0):
 garbage-first heap   total 244736K, used 63997K [0x00000000c0000000, 0x0000000100000000)
  region size 1024K, 6 young (6144K), 6 survivors (6144K)
 Metaspace       used 14711K, capacity 14982K, committed 15232K, reserved 1062912K
  class space    used 1496K, capacity 1609K, committed 1664K, reserved 1048576K
}
Event: 7.929 GC heap before
{Heap before GC invocations=33 (full 0):
 garbage-first heap   total 244736K, used 125437K [0x00000000c0000000, 0x0000000100000000)
  region size 1024K, 66 young (67584K), 6 survivors (6144K)
 Metaspace       used 14774K, capacity 15047K, committed 15232K, reserved 1062912K
  class space    used 1500K, capacity 1609K, committed 1664K, reserved 1048576K
}
Event: 7.995 GC heap after
{Heap after GC invocations=34 (full 0):
 garbage-first heap   total 244736K, used 76073K [0x00000000c0000000, 0x0000000100000000)
  region size 1024K, 9 young (9216K), 9 survivors (9216K)
 Metaspace       used 14774K, capacity 15047K, committed 15232K, reserved 1062912K
  class space    used 1500K, capacity 1609K, committed 1664K, reserved 1048576K
}
Event: 8.673 GC heap before
{Heap before GC invocations=34 (full 0):
 garbage-first heap   total 244736K, used 146729K [0x00000000c0000000, 0x0000000100000000)
  region size 1024K, 78 young (79872K), 9 survivors (9216K)
 Metaspace       used 14777K, capacity 15047K, committed 15232K, reserved 1062912K
  class space    used 1500K, capacity 1609K, committed 1664K, reserved 1048576K
}

Deoptimization events (20 events):
Event: 7.517 Thread 0x000001e0b2cc4800 Uncommon trap: trap_request=0xffffff4d fr.pc=0x000001e0a62c2e34 relative=0x0000000000000114
Event: 7.517 Thread 0x000001e0b2cc4800 Uncommon trap: reason=unstable_if action=reinterpret pc=0x000001e0a62c2e34 method=java.util.Arrays.hashCode([Ljava/lang/Object;)I @ 34 c2
Event: 7.517 Thread 0x000001e0b2cc4800 DEOPT PACKING pc=0x000001e0a62c2e34 sp=0x0000003d246fdaf0
Event: 7.517 Thread 0x000001e0b2cc4800 DEOPT UNPACKING pc=0x000001e09e7aa1af sp=0x0000003d246fda68 mode 2
Event: 7.566 Thread 0x000001e0b2cc5800 DEOPT PACKING pc=0x000001e09f1182bb sp=0x0000003d245fdcf0
Event: 7.566 Thread 0x000001e0b2cc5800 DEOPT UNPACKING pc=0x000001e09e7aa95e sp=0x0000003d245fd460 mode 0
Event: 7.892 Thread 0x000001e0b2cc5800 DEOPT PACKING pc=0x000001e09f038f18 sp=0x0000003d245fe2b0
Event: 7.892 Thread 0x000001e0b2cc5800 DEOPT UNPACKING pc=0x000001e09e7aa95e sp=0x0000003d245fdbd8 mode 0
Event: 8.240 Thread 0x000001e0b2cc4800 Uncommon trap: trap_request=0xffffff4d fr.pc=0x000001e0a62ecf80 relative=0x0000000000004fc0
Event: 8.240 Thread 0x000001e0b2cc4800 Uncommon trap: reason=unstable_if action=reinterpret pc=0x000001e0a62ecf80 method=com.android.tools.r8.graph.y2.a(I)V @ 680 c2
Event: 8.240 Thread 0x000001e0b2cc4800 DEOPT PACKING pc=0x000001e0a62ecf80 sp=0x0000003d246fdff0
Event: 8.240 Thread 0x000001e0b2cc4800 DEOPT UNPACKING pc=0x000001e09e7aa1af sp=0x0000003d246fdfd8 mode 2
Event: 8.522 Thread 0x000001e0b2cc5800 DEOPT PACKING pc=0x000001e09f038f18 sp=0x0000003d245fe2b0
Event: 8.522 Thread 0x000001e0b2cc5800 DEOPT UNPACKING pc=0x000001e09e7aa95e sp=0x0000003d245fdbd8 mode 0
Event: 8.530 Thread 0x000001e0b2cc5800 DEOPT PACKING pc=0x000001e09f1ebba2 sp=0x0000003d245fdb60
Event: 8.530 Thread 0x000001e0b2cc5800 DEOPT UNPACKING pc=0x000001e09e7aa95e sp=0x0000003d245fd018 mode 0
Event: 8.532 Thread 0x000001e0b2cc5800 DEOPT PACKING pc=0x000001e09f197578 sp=0x0000003d245feae0
Event: 8.532 Thread 0x000001e0b2cc5800 DEOPT UNPACKING pc=0x000001e09e7aa95e sp=0x0000003d245fe1b8 mode 0
Event: 8.642 Thread 0x000001e0b2cc5800 DEOPT PACKING pc=0x000001e09f038f18 sp=0x0000003d245fe2b0
Event: 8.642 Thread 0x000001e0b2cc5800 DEOPT UNPACKING pc=0x000001e09e7aa95e sp=0x0000003d245fdbd8 mode 0

Classes redefined (0 events):
No events

Internal exceptions (20 events):
Event: 4.468 Thread 0x000001e096045000 Exception <a 'java/lang/NoSuchMethodError'{0x00000000c2822290}: 'java.lang.Object java.lang.invoke.DirectMethodHandle$Holder.invokeStaticInit(java.lang.Object, java.lang.Object, java.lang.Object, java.lang.Object, java.lang.Object, java.lang.Object, java.lang.Object, java.lang.Object, java.lang.Object, java.lang.Object, java.lang.Object, java.lang.Object, java.lang.Object, java.lang.Object, java.lang.Object, java.lang.Object, java.lang.Object, java.lang.Object, int, java.lang.Object, java.lang.Object)'> (0
Event: 4.470 Thread 0x000001e096045000 Exception <a 'java/lang/NoSuchMethodError'{0x00000000c282fb38}: 'int java.lang.invoke.DirectMethodHandle$Holder.invokeVirtual(java.lang.Object, java.lang.Object)'> (0x00000000c282fb38) thrown at [./src/hotspot/share/interpreter/linkResolver.cpp, line 773]
Event: 4.536 Thread 0x000001e0b2cc5800 Exception <a 'java/lang/NoSuchMethodError'{0x00000000c271a5e8}: 'int java.lang.invoke.DirectMethodHandle$Holder.invokeInterface(java.lang.Object, java.lang.Object, java.lang.Object, java.lang.Object)'> (0x00000000c271a5e8) thrown at [./src/hotspot/share/interpreter/linkResolver.cpp, line 773]
Event: 4.536 Thread 0x000001e0b2cc4800 Exception <a 'java/lang/NoSuchMethodError'{0x00000000c2739970}: 'int java.lang.invoke.DirectMethodHandle$Holder.invokeInterface(java.lang.Object, java.lang.Object, java.lang.Object, java.lang.Object)'> (0x00000000c2739970) thrown at [./src/hotspot/share/interpreter/linkResolver.cpp, line 773]
Event: 4.536 Thread 0x000001e0b2cc4800 Exception <a 'java/lang/IncompatibleClassChangeError'{0x00000000c273cbb8}: Found class java.lang.Object, but interface was expected> (0x00000000c273cbb8) thrown at [./src/hotspot/share/interpreter/linkResolver.cpp, line 839]
Event: 4.536 Thread 0x000001e0b2cc5800 Exception <a 'java/lang/IncompatibleClassChangeError'{0x00000000c271da38}: Found class java.lang.Object, but interface was expected> (0x00000000c271da38) thrown at [./src/hotspot/share/interpreter/linkResolver.cpp, line 839]
Event: 4.556 Thread 0x000001e0b2cc4800 Exception <a 'java/lang/NoSuchMethodError'{0x00000000c2775268}: 'java.lang.Object java.lang.invoke.DirectMethodHandle$Holder.invokeVirtual(java.lang.Object, java.lang.Object, java.lang.Object)'> (0x00000000c2775268) thrown at [./src/hotspot/share/interpreter/linkResolver.cpp, line 773]
Event: 4.556 Thread 0x000001e0b2cc5800 Exception <a 'java/lang/NoSuchMethodError'{0x00000000c275fe48}: 'java.lang.Object java.lang.invoke.DirectMethodHandle$Holder.invokeVirtual(java.lang.Object, java.lang.Object, java.lang.Object)'> (0x00000000c275fe48) thrown at [./src/hotspot/share/interpreter/linkResolver.cpp, line 773]
Event: 4.664 Thread 0x000001e0b2cc4800 Exception <a 'java/lang/NoSuchMethodError'{0x00000000c2b30a40}: 'long java.lang.invoke.DirectMethodHandle$Holder.invokeStatic(java.lang.Object, java.lang.Object)'> (0x00000000c2b30a40) thrown at [./src/hotspot/share/interpreter/linkResolver.cpp, line 773]
Event: 4.664 Thread 0x000001e0b2cc5800 Exception <a 'java/lang/NoSuchMethodError'{0x00000000c2b25680}: 'long java.lang.invoke.DirectMethodHandle$Holder.invokeStatic(java.lang.Object, java.lang.Object)'> (0x00000000c2b25680) thrown at [./src/hotspot/share/interpreter/linkResolver.cpp, line 773]
Event: 4.665 Thread 0x000001e0b2cc4800 Exception <a 'java/lang/NoSuchMethodError'{0x00000000c2b33848}: 'long java.lang.invoke.DirectMethodHandle$Holder.invokeStaticInit(java.lang.Object, java.lang.Object)'> (0x00000000c2b33848) thrown at [./src/hotspot/share/interpreter/linkResolver.cpp, line 773]
Event: 4.665 Thread 0x000001e0b2cc5800 Exception <a 'java/lang/NoSuchMethodError'{0x00000000c2b28460}: 'long java.lang.invoke.DirectMethodHandle$Holder.invokeStaticInit(java.lang.Object, java.lang.Object)'> (0x00000000c2b28460) thrown at [./src/hotspot/share/interpreter/linkResolver.cpp, line 773]
Event: 5.200 Thread 0x000001e0b2cc5800 Exception <a 'java/lang/NoSuchMethodError'{0x00000000c4ef98d8}: 'void java.lang.invoke.DirectMethodHandle$Holder.invokeSpecial(java.lang.Object, java.lang.Object, java.lang.Object, java.lang.Object, java.lang.Object)'> (0x00000000c4ef98d8) thrown at [./src/hotspot/share/interpreter/linkResolver.cpp, line 773]
Event: 6.513 Thread 0x000001e096045000 Exception <a 'java/lang/NoSuchMethodError'{0x00000000cddd3e40}: 'int java.lang.invoke.DirectMethodHandle$Holder.invokeSpecial(java.lang.Object, java.lang.Object, java.lang.Object, java.lang.Object)'> (0x00000000cddd3e40) thrown at [./src/hotspot/share/interpreter/linkResolver.cpp, line 773]
Event: 6.540 Thread 0x000001e096045000 Exception <a 'java/lang/NoSuchMethodError'{0x00000000cdc40690}: 'void java.lang.invoke.DirectMethodHandle$Holder.invokeSpecial(java.lang.Object, java.lang.Object)'> (0x00000000cdc40690) thrown at [./src/hotspot/share/interpreter/linkResolver.cpp, line 773]
Event: 6.619 Thread 0x000001e096045000 Exception <a 'java/lang/IncompatibleClassChangeError'{0x00000000cdb1a3d8}: Found class java.lang.Object, but interface was expected> (0x00000000cdb1a3d8) thrown at [./src/hotspot/share/interpreter/linkResolver.cpp, line 839]
Event: 6.621 Thread 0x000001e096045000 Exception <a 'java/lang/NoSuchMethodError'{0x00000000cdb1f2e8}: 'java.lang.Object java.lang.invoke.DirectMethodHandle$Holder.invokeStatic(java.lang.Object, java.lang.Object, java.lang.Object, int)'> (0x00000000cdb1f2e8) thrown at [./src/hotspot/share/interpreter/linkResolver.cpp, line 773]
Event: 6.625 Thread 0x000001e096045000 Exception <a 'java/lang/NoSuchMethodError'{0x00000000cdb294f8}: 'void java.lang.invoke.DirectMethodHandle$Holder.invokeStatic(java.lang.Object, java.lang.Object, java.lang.Object, java.lang.Object, java.lang.Object, java.lang.Object)'> (0x00000000cdb294f8) thrown at [./src/hotspot/share/interpreter/linkResolver.cpp, line 773]
Event: 6.634 Thread 0x000001e096045000 Exception <a 'java/lang/NoSuchMethodError'{0x00000000cdb377d0}: 'java.lang.Object java.lang.invoke.Invokers$Holder.linkToTargetMethod(java.lang.Object, java.lang.Object, int, java.lang.Object)'> (0x00000000cdb377d0) thrown at [./src/hotspot/share/interpreter/linkResolver.cpp, line 773]
Event: 7.516 Thread 0x000001e0b2cc4800 Implicit null exception at 0x000001e0a62c2d6f to 0x000001e0a62c2e18

Events (20 events):
Event: 7.250 loading class com/android/tools/r8/internal/R7 done
Event: 7.253 loading class com/android/tools/r8/internal/iG
Event: 7.253 loading class com/android/tools/r8/internal/iG done
Event: 7.279 loading class com/android/tools/r8/internal/hG
Event: 7.279 loading class com/android/tools/r8/internal/hG done
Event: 7.381 Executing VM operation: G1CollectForAllocation
Event: 7.467 Executing VM operation: G1CollectForAllocation done
Event: 7.478 loading class com/android/tools/r8/internal/Gm
Event: 7.478 loading class com/android/tools/r8/internal/Gm done
Event: 7.492 loading class com/android/tools/r8/graph/H
Event: 7.492 loading class com/android/tools/r8/graph/H done
Event: 7.513 loading class com/android/tools/r8/graph/Q0
Event: 7.513 loading class com/android/tools/r8/graph/Q0 done
Event: 7.517 loading class com/android/tools/r8/internal/H7
Event: 7.517 loading class com/android/tools/r8/internal/H7 done
Event: 7.519 loading class com/android/tools/r8/graph/i1
Event: 7.519 loading class com/android/tools/r8/graph/i1 done
Event: 7.929 Executing VM operation: G1CollectForAllocation
Event: 7.995 Executing VM operation: G1CollectForAllocation done
Event: 8.672 Executing VM operation: G1CollectForAllocation


Dynamic libraries:
0x00007ff71d670000 - 0x00007ff71d67d000 	C:\Program Files\Microsoft\jdk-11.0.12.7-hotspot\bin\java.exe
0x00007fff105b0000 - 0x00007fff107a8000 	C:\WINDOWS\SYSTEM32\ntdll.dll
0x00007fff0f610000 - 0x00007fff0f6cd000 	C:\WINDOWS\System32\KERNEL32.DLL
0x00007fff0dfa0000 - 0x00007fff0e272000 	C:\WINDOWS\System32\KERNELBASE.dll
0x00007fff0e320000 - 0x00007fff0e420000 	C:\WINDOWS\System32\ucrtbase.dll
0x00007ffef9f80000 - 0x00007ffef9f95000 	C:\Program Files\Microsoft\jdk-11.0.12.7-hotspot\bin\VCRUNTIME140.dll
0x00007ffeef7d0000 - 0x00007ffeef7e7000 	C:\Program Files\Microsoft\jdk-11.0.12.7-hotspot\bin\jli.dll
0x00007fff0f950000 - 0x00007fff0faed000 	C:\WINDOWS\System32\USER32.dll
0x00007fff0ddb0000 - 0x00007fff0ddd2000 	C:\WINDOWS\System32\win32u.dll
0x00007fff05860000 - 0x00007fff05afa000 	C:\WINDOWS\WinSxS\amd64_microsoft.windows.common-controls_6595b64144ccf1df_6.0.19041.1110_none_60b5254171f9507e\COMCTL32.dll
0x00007fff0ed70000 - 0x00007fff0ed9b000 	C:\WINDOWS\System32\GDI32.dll
0x00007fff104d0000 - 0x00007fff1056e000 	C:\WINDOWS\System32\msvcrt.dll
0x00007fff0dde0000 - 0x00007fff0deef000 	C:\WINDOWS\System32\gdi32full.dll
0x00007fff0e280000 - 0x00007fff0e31d000 	C:\WINDOWS\System32\msvcp_win.dll
0x00007fff0f160000 - 0x00007fff0f190000 	C:\WINDOWS\System32\IMM32.DLL
0x00007ffee49a0000 - 0x00007ffee4a3b000 	C:\Program Files\Microsoft\jdk-11.0.12.7-hotspot\bin\msvcp140.dll
0x00007ffeb6ee0000 - 0x00007ffeb7a41000 	C:\Program Files\Microsoft\jdk-11.0.12.7-hotspot\bin\server\jvm.dll
0x00007fff10420000 - 0x00007fff104ce000 	C:\WINDOWS\System32\ADVAPI32.dll
0x00007fff0ff10000 - 0x00007fff0ffac000 	C:\WINDOWS\System32\sechost.dll
0x00007fff0ef70000 - 0x00007fff0f095000 	C:\WINDOWS\System32\RPCRT4.dll
0x00007fff0e610000 - 0x00007fff0e618000 	C:\WINDOWS\System32\PSAPI.DLL
0x00007ffef3140000 - 0x00007ffef3149000 	C:\WINDOWS\SYSTEM32\WSOCK32.dll
0x00007fff033e0000 - 0x00007fff033ea000 	C:\WINDOWS\SYSTEM32\VERSION.dll
0x00007fff0ef00000 - 0x00007fff0ef6b000 	C:\WINDOWS\System32\WS2_32.dll
0x00007fff061a0000 - 0x00007fff061c7000 	C:\WINDOWS\SYSTEM32\WINMM.dll
0x00007fff0bb80000 - 0x00007fff0bb92000 	C:\WINDOWS\SYSTEM32\kernel.appcore.dll
0x00007fff09100000 - 0x00007fff09110000 	C:\Program Files\Microsoft\jdk-11.0.12.7-hotspot\bin\verify.dll
0x00007fff07250000 - 0x00007fff07434000 	C:\WINDOWS\SYSTEM32\DBGHELP.DLL
0x00007fff07220000 - 0x00007fff0724c000 	C:\WINDOWS\SYSTEM32\dbgcore.DLL
0x00007fff0e420000 - 0x00007fff0e4a2000 	C:\WINDOWS\System32\bcryptPrimitives.dll
0x00007ffeed880000 - 0x00007ffeed8a8000 	C:\Program Files\Microsoft\jdk-11.0.12.7-hotspot\bin\java.dll
0x00007ffeff2f0000 - 0x00007ffeff2fa000 	C:\Program Files\Microsoft\jdk-11.0.12.7-hotspot\bin\jimage.dll
0x00007ffeeb2f0000 - 0x00007ffeeb307000 	C:\Program Files\Microsoft\jdk-11.0.12.7-hotspot\bin\zip.dll
0x00007fff0e620000 - 0x00007fff0ed63000 	C:\WINDOWS\System32\SHELL32.dll
0x00007fff0bd80000 - 0x00007fff0c511000 	C:\WINDOWS\SYSTEM32\windows.storage.dll
0x00007fff0faf0000 - 0x00007fff0fe44000 	C:\WINDOWS\System32\combase.dll
0x00007fff0d720000 - 0x00007fff0d750000 	C:\WINDOWS\SYSTEM32\Wldp.dll
0x00007fff0f0a0000 - 0x00007fff0f14d000 	C:\WINDOWS\System32\SHCORE.dll
0x00007fff0f320000 - 0x00007fff0f375000 	C:\WINDOWS\System32\shlwapi.dll
0x00007fff0dc00000 - 0x00007fff0dc1f000 	C:\WINDOWS\SYSTEM32\profapi.dll
0x00007ffee9390000 - 0x00007ffee93a9000 	C:\Program Files\Microsoft\jdk-11.0.12.7-hotspot\bin\net.dll
0x00007fff081b0000 - 0x00007fff082bd000 	C:\WINDOWS\SYSTEM32\WINHTTP.dll
0x00007fff0d480000 - 0x00007fff0d4ea000 	C:\WINDOWS\system32\mswsock.dll
0x00007ffee8ee0000 - 0x00007ffee8ef2000 	C:\Program Files\Microsoft\jdk-11.0.12.7-hotspot\bin\nio.dll

dbghelp: loaded successfully - version: 4.0.5 - missing functions: none
symbol engine: initialized successfully - sym options: 0x614 - pdb path: .;C:\Program Files\Microsoft\jdk-11.0.12.7-hotspot\bin;C:\WINDOWS\SYSTEM32;C:\WINDOWS\WinSxS\amd64_microsoft.windows.common-controls_6595b64144ccf1df_6.0.19041.1110_none_60b5254171f9507e;C:\Program Files\Microsoft\jdk-11.0.12.7-hotspot\bin\server

VM Arguments:
jvm_args: -Xmx1G 
java_command: com.android.tools.r8.D8 --debug --min-api 21 --output obj\Debug\120\android\bin\ --lib C:\Program Files (x86)\Android\android-sdk\platforms\android-31\android.jar obj\Debug\120\android\bin\classes.zip C:\Program Files\Microsoft Visual Studio\2022\Community\Common7\IDE\ReferenceAssemblies\Microsoft\Framework\MonoAndroid\v12.0\mono.android.jar C:\Program Files\Microsoft Visual Studio\2022\Community\MSBuild\Xamarin\Android\java_runtime_fastdev.jar C:\Users\REGI\.nuget\packages\xamarin.google.guava.listenablefuture\1.0.0.2\buildTransitive\monoandroid50\guava-listenablefuture.jar C:\Users\REGI\.nuget\packages\xamarin.androidx.annotation\1.2.0.1\buildTransitive\monoandroid90\..\..\jar\androidx.annotation.annotation.jar C:\Users\REGI\.nuget\packages\xamarin.androidx.collection\1.1.0.8\buildTransitive\monoandroid90\..\..\jar\androidx.collection.collection.jar C:\Users\REGI\.nuget\packages\xamarin.androidx.lifecycle.common\2.3.1.1\buildTransitive\monoandroid90\..\..\jar\androidx.lifecycle.lifecycle-common.jar C:\Users\REGI\.nuget\packages\xamarin.androidx.arch.core.common\2.1.0.9\buildTransitive\monoandroid90\..\..\jar\androidx.arch.core.core-common.jar C:\Users\REGI\.nuget\packages\xamarin.androidx.constraintlayout.core\1.0.0\buildTransitive\monoandroid90\..\..\jar\androidx.constraintlayout.constraintlayout-core.jar C:\Users\REGI\.nuget\packages\xamarin.androidx.concurrent.futures\1.1.0.3\buildTransitive\monoandroid90\..\..\jar\androidx.concurrent.concurrent-futures.jar obj\Debug\120\lp\0\jl\formsviewgroup.jar obj\Debug\120\lp\100\jl\classes.jar obj\Debug\120\lp\101\jl\classes.jar obj\Debug\120\lp\103\jl\classes.jar obj\Debug\120\lp\58\jl\classes.jar obj\Debug\120\lp\59\jl\classes.jar obj\Debug\120\lp\60\jl\classes.jar obj\Debug\120\lp\61\jl\classes.jar obj\Debug\120\lp\62\jl\classes.jar obj\Debug\120\lp\63\jl\classes.jar obj\Debug\120\lp\64\jl\classes.jar obj\Debug\120\lp\65\jl\classes.jar obj\Debug\120\lp\66\jl\classes.jar obj\Debug\120\lp\67\jl\classes.ja
java_class_path (initial): C:\Program Files\Microsoft Visual Studio\2022\Community\MSBuild\Xamarin\Android\r8.jar
Launcher Type: SUN_STANDARD

[Global flags]
     intx CICompilerCount                          = 3                                         {product} {ergonomic}
     uint ConcGCThreads                            = 1                                         {product} {ergonomic}
     uint G1ConcRefinementThreads                  = 4                                         {product} {ergonomic}
   size_t G1HeapRegionSize                         = 1048576                                   {product} {ergonomic}
    uintx GCDrainStackTargetSize                   = 64                                        {product} {ergonomic}
   size_t InitialHeapSize                          = 31457280                                  {product} {ergonomic}
   size_t MarkStackSize                            = 4194304                                   {product} {ergonomic}
   size_t MaxHeapSize                              = 1073741824                                {product} {command line}
   size_t MaxNewSize                               = 643825664                                 {product} {ergonomic}
   size_t MinHeapDeltaBytes                        = 1048576                                   {product} {ergonomic}
    uintx NonNMethodCodeHeapSize                   = 5830732                                {pd product} {ergonomic}
    uintx NonProfiledCodeHeapSize                  = 122913754                              {pd product} {ergonomic}
    uintx ProfiledCodeHeapSize                     = 122913754                              {pd product} {ergonomic}
    uintx ReservedCodeCacheSize                    = 251658240                              {pd product} {ergonomic}
     bool SegmentedCodeCache                       = true                                      {product} {ergonomic}
     bool UseCompressedClassPointers               = true                                 {lp64_product} {ergonomic}
     bool UseCompressedOops                        = true                                 {lp64_product} {ergonomic}
     bool UseG1GC                                  = true                                      {product} {ergonomic}
     bool UseLargePagesIndividualAllocation        = false                                  {pd product} {ergonomic}

Logging:
Log output configuration:
 #0: stdout all=warning uptime,level,tags
 #1: stderr all=off uptime,level,tags

Environment Variables:
PATH=C:\Program Files (x86)\Common Files\Oracle\Java\javapath;C:\Program Files\Microsoft\jdk-11.0.12.7-hotspot\bin;C:\Program Files (x86)\Common Files\Intel\Shared Files\cpp\bin\Intel64;C:\WINDOWS\system32;C:\WINDOWS;C:\WINDOWS\System32\Wbem;C:\WINDOWS\System32\WindowsPowerShell\v1.0\;C:\WINDOWS\System32\OpenSSH\;C:\WINDOWS\system32;C:\WINDOWS;C:\WINDOWS\System32\Wbem;C:\WINDOWS\System32\WindowsPowerShell\v1.0\;C:\WINDOWS\System32\OpenSSH\;C:\Program Files\Git\cmd;C:\Program Files\Git\mingw64\bin;C:\Program Files\Git\usr\bin;C:\Program Files\Microsoft SQL Server\150\Tools\Binn\;C:\Program Files\Microsoft SQL Server\Client SDK\ODBC\170\Tools\Binn\;C:\Program Files\dotnet\;C:\Users\REGI\AppData\Local\Programs\Python\Python310\Scripts\;C:\Users\REGI\AppData\Local\Programs\Python\Python310\;C:\Users\REGI\AppData\Local\Microsoft\WindowsApps;C:\Users\REGI\.dotnet\tools;C:\Users\REGI\AppData\Local\Programs\Microsoft VS Code\bin
USERNAME=Lucas
OS=Windows_NT
PROCESSOR_IDENTIFIER=Intel64 Family 6 Model 42 Stepping 7, GenuineIntel



---------------  S Y S T E M  ---------------

OS: Windows 10 , 64 bit Build 19041 (10.0.19041.1889)
OS uptime: 5 days 20:12 hours

CPU:total 4 (initial active 4) (2 cores per cpu, 2 threads per core) family 6 model 42 stepping 7 microcode 0x2f, cmov, cx8, fxsr, mmx, sse, sse2, sse3, ssse3, sse4.1, sse4.2, popcnt, avx, aes, clmul, ht, tsc, tscinvbit

Memory: 4k page, system-wide physical 1899M (159M free)
TotalPageFile size 7787M (AvailPageFile size 98M)
current process WorkingSet (physical memory assigned to process): 223M, peak: 232M
current process commit charge ("private bytes"): 364M, peak: 678M

vm_info: OpenJDK 64-Bit Server VM (11.0.12+7) for windows-amd64 JRE (11.0.12+7), built on Jul 21 2021 15:41:43 by "" with unknown MS VC++:1916

END.
