#
# There is insufficient memory for the Java Runtime Environment to continue.
# Native memory allocation (malloc) failed to allocate 357136 bytes for Chunk::new
# Possible reasons:
#   The system is out of physical RAM or swap space
#   The process is running with CompressedOops enabled, and the Java Heap may be blocking the growth of the native heap
# Possible solutions:
#   Reduce memory load on the system
#   Increase physical memory or swap space
#   Check if swap backing store is full
#   Decrease Java heap size (-Xmx/-Xms)
#   Decrease number of Java threads
#   Decrease Java thread stack sizes (-Xss)
#   Set larger code cache with -XX:ReservedCodeCacheSize=
#   JVM is running with Unscaled Compressed Oops mode in which the Java heap is
#     placed in the first 4GB address space. The Java Heap base address is the
#     maximum limit for the native heap growth. Please use -XX:HeapBaseMinAddress
#     to set the Java Heap base and to place the Java Heap above 4GB virtual address.
# This output file may be truncated or incomplete.
#
#  Out of Memory Error (./src/hotspot/share/memory/arena.cpp:197), pid=1184, tid=6028
#
# JRE version: OpenJDK Runtime Environment Microsoft-25199 (11.0.12+7) (build 11.0.12+7)
# Java VM: OpenJDK 64-Bit Server VM Microsoft-25199 (11.0.12+7, mixed mode, tiered, compressed oops, g1 gc, windows-amd64)
# No core dump will be written. Minidumps are not enabled by default on client versions of Windows
#

---------------  S U M M A R Y ------------

Command Line: com.xamarin.manifestmerger.Main obj\Debug\120\android\manifestmerger.rsp

Host: Intel(R) Core(TM) i5-2410M CPU @ 2.30GHz, 4 cores, 1G,  Windows 10 , 64 bit Build 19041 (10.0.19041.1889)
Time: Wed Oct 19 17:07:57 2022 Hora oficial do Brasil elapsed time: 8.088443 seconds (0d 0h 0m 8s)

---------------  T H R E A D  ---------------

Current thread (0x00000190ef872800):  JavaThread "C2 CompilerThread0" daemon [_thread_in_native, id=6028, stack(0x0000000d20c00000,0x0000000d20d00000)]


Current CompileTask:
C2:   8088  915 %     4       sun.security.util.ManifestDigester::<init> @ 220 (360 bytes)

Stack: [0x0000000d20c00000,0x0000000d20d00000]
Native frames: (J=compiled Java code, j=interpreted, Vv=VM code, C=native code)
V  [jvm.dll+0x6090fa]
V  [jvm.dll+0x79229e]
V  [jvm.dll+0x79396f]
V  [jvm.dll+0x794033]
V  [jvm.dll+0x24bed8]
V  [jvm.dll+0xc219c]
V  [jvm.dll+0xc275c]
V  [jvm.dll+0x3548a7]
V  [jvm.dll+0x321fb3]
V  [jvm.dll+0x3212ea]
V  [jvm.dll+0x205585]
V  [jvm.dll+0x20476d]
V  [jvm.dll+0x18996c]
V  [jvm.dll+0x213dd7]
V  [jvm.dll+0x211f9b]
V  [jvm.dll+0x7563a9]
V  [jvm.dll+0x74f414]
V  [jvm.dll+0x607f56]
C  [ucrtbase.dll+0x21bb2]
C  [KERNEL32.DLL+0x17034]
C  [ntdll.dll+0x526a1]


---------------  P R O C E S S  ---------------

Threads class SMR info:
_java_thread_list=0x00000190efb3c7f0, length=10, elements={
0x00000190d43dd800, 0x00000190ef861000, 0x00000190ef86b000, 0x00000190ef8c2800,
0x00000190ef8c4800, 0x00000190ef8c7000, 0x00000190ef872800, 0x00000190ef873800,
0x00000190ef875800, 0x00000190efb64000
}

Java Threads: ( => current thread )
  0x00000190d43dd800 JavaThread "main" [_thread_in_Java, id=8012, stack(0x0000000d20000000,0x0000000d20100000)]
  0x00000190ef861000 JavaThread "Reference Handler" daemon [_thread_blocked, id=12152, stack(0x0000000d20700000,0x0000000d20800000)]
  0x00000190ef86b000 JavaThread "Finalizer" daemon [_thread_blocked, id=11984, stack(0x0000000d20800000,0x0000000d20900000)]
  0x00000190ef8c2800 JavaThread "Signal Dispatcher" daemon [_thread_blocked, id=9776, stack(0x0000000d20900000,0x0000000d20a00000)]
  0x00000190ef8c4800 JavaThread "Attach Listener" daemon [_thread_blocked, id=14040, stack(0x0000000d20a00000,0x0000000d20b00000)]
  0x00000190ef8c7000 JavaThread "Service Thread" daemon [_thread_blocked, id=7224, stack(0x0000000d20b00000,0x0000000d20c00000)]
=>0x00000190ef872800 JavaThread "C2 CompilerThread0" daemon [_thread_in_native, id=6028, stack(0x0000000d20c00000,0x0000000d20d00000)]
  0x00000190ef873800 JavaThread "C1 CompilerThread0" daemon [_thread_blocked, id=4728, stack(0x0000000d20d00000,0x0000000d20e00000)]
  0x00000190ef875800 JavaThread "Sweeper thread" daemon [_thread_blocked, id=3528, stack(0x0000000d20e00000,0x0000000d20f00000)]
  0x00000190efb64000 JavaThread "Common-Cleaner" daemon [_thread_blocked, id=11576, stack(0x0000000d21000000,0x0000000d21100000)]

Other Threads:
  0x00000190ef82a000 VMThread "VM Thread" [stack: 0x0000000d20600000,0x0000000d20700000] [id=14100]
  0x00000190efb5a800 WatcherThread [stack: 0x0000000d20f00000,0x0000000d21000000] [id=11040]
  0x00000190d43f4800 GCTaskThread "GC Thread#0" [stack: 0x0000000d20100000,0x0000000d20200000] [id=3796]
  0x00000190efb5f800 GCTaskThread "GC Thread#1" [stack: 0x0000000d21100000,0x0000000d21200000] [id=9088]
  0x00000190d4403000 ConcurrentGCThread "G1 Main Marker" [stack: 0x0000000d20200000,0x0000000d20300000] [id=7516]
  0x00000190d4404800 ConcurrentGCThread "G1 Conc#0" [stack: 0x0000000d20300000,0x0000000d20400000] [id=6908]
  0x00000190d4435000 ConcurrentGCThread "G1 Refine#0" [stack: 0x0000000d20400000,0x0000000d20500000] [id=8008]
  0x00000190efbc3800 ConcurrentGCThread "G1 Refine#1" [stack: 0x0000000d21200000,0x0000000d21300000] [id=13292]
  0x00000190f07f8800 ConcurrentGCThread "G1 Refine#2" [stack: 0x0000000d21300000,0x0000000d21400000] [id=7940]
  0x00000190efd2d000 ConcurrentGCThread "G1 Refine#3" [stack: 0x0000000d21400000,0x0000000d21500000] [id=5952]
  0x00000190d4436000 ConcurrentGCThread "G1 Young RemSet Sampling" [stack: 0x0000000d20500000,0x0000000d20600000] [id=10868]

Threads with active compile tasks:
C2 CompilerThread0   8169  915 %     4       sun.security.util.ManifestDigester::<init> @ 220 (360 bytes)

VM state:not at safepoint (normal execution)

VM Mutex/Monitor currently owned by a thread: None

Heap address: 0x00000000e2400000, size: 476 MB, Compressed Oops mode: 32-bit
Narrow klass base: 0x0000000000000000, Narrow klass shift: 3
Compressed class space size: 1073741824 Address: 0x0000000100000000

Heap:
 garbage-first heap   total 176128K, used 70090K [0x00000000e2400000, 0x0000000100000000)
  region size 1024K, 11 young (11264K), 2 survivors (2048K)
 Metaspace       used 10068K, capacity 10254K, committed 10496K, reserved 1058816K
  class space    used 952K, capacity 1014K, committed 1024K, reserved 1048576K
Heap Regions: E=young(eden), S=young(survivor), O=old, HS=humongous(starts), HC=humongous(continues), CS=collection set, F=free, A=archive, TAMS=top-at-mark-start (previous, next)
|   0|0x00000000e2400000, 0x00000000e2500000, 0x00000000e2500000|100%|HS|  |TAMS 0x00000000e2500000, 0x00000000e2400000| Complete 
|   1|0x00000000e2500000, 0x00000000e2600000, 0x00000000e2600000|100%|HC|  |TAMS 0x00000000e2600000, 0x00000000e2500000| Complete 
|   2|0x00000000e2600000, 0x00000000e2700000, 0x00000000e2700000|100%|HC|  |TAMS 0x00000000e2700000, 0x00000000e2600000| Complete 
|   3|0x00000000e2700000, 0x00000000e2800000, 0x00000000e2800000|100%| O|  |TAMS 0x00000000e2800000, 0x00000000e2700000| Complete 
|   4|0x00000000e2800000, 0x00000000e2900000, 0x00000000e2900000|100%| O|  |TAMS 0x00000000e2900000, 0x00000000e2800000| Untracked 
|   5|0x00000000e2900000, 0x00000000e2a00000, 0x00000000e2a00000|100%| O|  |TAMS 0x00000000e2a00000, 0x00000000e2900000| Untracked 
|   6|0x00000000e2a00000, 0x00000000e2b00000, 0x00000000e2b00000|100%| O|  |TAMS 0x00000000e2b00000, 0x00000000e2a00000| Untracked 
|   7|0x00000000e2b00000, 0x00000000e2c00000, 0x00000000e2c00000|100%| O|  |TAMS 0x00000000e2c00000, 0x00000000e2b00000| Complete 
|   8|0x00000000e2c00000, 0x00000000e2d00000, 0x00000000e2d00000|100%| O|  |TAMS 0x00000000e2d00000, 0x00000000e2c00000| Untracked 
|   9|0x00000000e2d00000, 0x00000000e2e00000, 0x00000000e2e00000|100%| O|  |TAMS 0x00000000e2e00000, 0x00000000e2d00000| Untracked 
|  10|0x00000000e2e00000, 0x00000000e2f00000, 0x00000000e2f00000|100%| O|  |TAMS 0x00000000e2f00000, 0x00000000e2e00000| Untracked 
|  11|0x00000000e2f00000, 0x00000000e3000000, 0x00000000e3000000|100%| O|  |TAMS 0x00000000e3000000, 0x00000000e2f00000| Untracked 
|  12|0x00000000e3000000, 0x00000000e3100000, 0x00000000e3100000|100%| O|  |TAMS 0x00000000e3100000, 0x00000000e3000000| Untracked 
|  13|0x00000000e3100000, 0x00000000e3200000, 0x00000000e3200000|100%| O|  |TAMS 0x00000000e3200000, 0x00000000e3100000| Untracked 
|  14|0x00000000e3200000, 0x00000000e3300000, 0x00000000e3300000|100%| O|  |TAMS 0x00000000e3300000, 0x00000000e3200000| Complete 
|  15|0x00000000e3300000, 0x00000000e3400000, 0x00000000e3400000|100%| O|  |TAMS 0x00000000e3400000, 0x00000000e3300000| Complete 
|  16|0x00000000e3400000, 0x00000000e3500000, 0x00000000e3500000|100%| O|  |TAMS 0x00000000e3500000, 0x00000000e3400000| Untracked 
|  17|0x00000000e3500000, 0x00000000e3600000, 0x00000000e3600000|100%| O|  |TAMS 0x00000000e3600000, 0x00000000e3500000| Untracked 
|  18|0x00000000e3600000, 0x00000000e3700000, 0x00000000e3700000|100%| O|  |TAMS 0x00000000e3700000, 0x00000000e3600000| Complete 
|  19|0x00000000e3700000, 0x00000000e3800000, 0x00000000e3800000|100%| O|  |TAMS 0x00000000e3800000, 0x00000000e3700000| Complete 
|  20|0x00000000e3800000, 0x00000000e3900000, 0x00000000e3900000|100%| O|  |TAMS 0x00000000e3900000, 0x00000000e3800000| Untracked 
|  21|0x00000000e3900000, 0x00000000e3900000, 0x00000000e3a00000|  0%| F|  |TAMS 0x00000000e3900000, 0x00000000e3900000| Untracked 
|  22|0x00000000e3a00000, 0x00000000e3b00000, 0x00000000e3b00000|100%| O|  |TAMS 0x00000000e3b00000, 0x00000000e3a00000| Complete 
|  23|0x00000000e3b00000, 0x00000000e3c00000, 0x00000000e3c00000|100%| O|  |TAMS 0x00000000e3c00000, 0x00000000e3b00000| Untracked 
|  24|0x00000000e3c00000, 0x00000000e3d00000, 0x00000000e3d00000|100%| O|  |TAMS 0x00000000e3c7a200, 0x00000000e3c00000| Untracked 
|  25|0x00000000e3d00000, 0x00000000e3e00000, 0x00000000e3e00000|100%| O|  |TAMS 0x00000000e3e00000, 0x00000000e3d00000| Untracked 
|  26|0x00000000e3e00000, 0x00000000e3f00000, 0x00000000e3f00000|100%| O|  |TAMS 0x00000000e3f00000, 0x00000000e3e00000| Untracked 
|  27|0x00000000e3f00000, 0x00000000e4000000, 0x00000000e4000000|100%| O|  |TAMS 0x00000000e4000000, 0x00000000e3f00000| Complete 
|  28|0x00000000e4000000, 0x00000000e4100000, 0x00000000e4100000|100%| O|  |TAMS 0x00000000e4000000, 0x00000000e4000000| Untracked 
|  29|0x00000000e4100000, 0x00000000e4172a00, 0x00000000e4200000| 44%| O|  |TAMS 0x00000000e4100000, 0x00000000e4100000| Untracked 
|  30|0x00000000e4200000, 0x00000000e4300000, 0x00000000e4300000|100%| O|  |TAMS 0x00000000e4300000, 0x00000000e4200000| Untracked 
|  31|0x00000000e4300000, 0x00000000e4400000, 0x00000000e4400000|100%| O|  |TAMS 0x00000000e4400000, 0x00000000e4300000| Complete 
|  32|0x00000000e4400000, 0x00000000e4500000, 0x00000000e4500000|100%| O|  |TAMS 0x00000000e4500000, 0x00000000e4400000| Complete 
|  33|0x00000000e4500000, 0x00000000e4500000, 0x00000000e4600000|  0%| F|  |TAMS 0x00000000e4500000, 0x00000000e4500000| Untracked 
|  34|0x00000000e4600000, 0x00000000e4700000, 0x00000000e4700000|100%| O|  |TAMS 0x00000000e4700000, 0x00000000e4600000| Complete 
|  35|0x00000000e4700000, 0x00000000e4800000, 0x00000000e4800000|100%| O|  |TAMS 0x00000000e4800000, 0x00000000e4700000| Untracked 
|  36|0x00000000e4800000, 0x00000000e4900000, 0x00000000e4900000|100%| O|  |TAMS 0x00000000e4900000, 0x00000000e4800000| Complete 
|  37|0x00000000e4900000, 0x00000000e4a00000, 0x00000000e4a00000|100%| O|  |TAMS 0x00000000e4a00000, 0x00000000e4900000| Complete 
|  38|0x00000000e4a00000, 0x00000000e4b00000, 0x00000000e4b00000|100%| O|  |TAMS 0x00000000e4b00000, 0x00000000e4a00000| Complete 
|  39|0x00000000e4b00000, 0x00000000e4c00000, 0x00000000e4c00000|100%| O|  |TAMS 0x00000000e4c00000, 0x00000000e4b00000| Complete 
|  40|0x00000000e4c00000, 0x00000000e4d00000, 0x00000000e4d00000|100%| O|  |TAMS 0x00000000e4d00000, 0x00000000e4c00000| Complete 
|  41|0x00000000e4d00000, 0x00000000e4d00000, 0x00000000e4e00000|  0%| F|  |TAMS 0x00000000e4d00000, 0x00000000e4d00000| Untracked 
|  42|0x00000000e4e00000, 0x00000000e4e00000, 0x00000000e4f00000|  0%| F|  |TAMS 0x00000000e4e00000, 0x00000000e4e00000| Untracked 
|  43|0x00000000e4f00000, 0x00000000e4f00000, 0x00000000e5000000|  0%| F|  |TAMS 0x00000000e4f00000, 0x00000000e4f00000| Untracked 
|  44|0x00000000e5000000, 0x00000000e5000000, 0x00000000e5100000|  0%| F|  |TAMS 0x00000000e5000000, 0x00000000e5000000| Untracked 
|  45|0x00000000e5100000, 0x00000000e5100000, 0x00000000e5200000|  0%| F|  |TAMS 0x00000000e5100000, 0x00000000e5100000| Untracked 
|  46|0x00000000e5200000, 0x00000000e5200000, 0x00000000e5300000|  0%| F|  |TAMS 0x00000000e5200000, 0x00000000e5200000| Untracked 
|  47|0x00000000e5300000, 0x00000000e5300000, 0x00000000e5400000|  0%| F|  |TAMS 0x00000000e5300000, 0x00000000e5300000| Untracked 
|  48|0x00000000e5400000, 0x00000000e5400000, 0x00000000e5500000|  0%| F|  |TAMS 0x00000000e5400000, 0x00000000e5400000| Untracked 
|  49|0x00000000e5500000, 0x00000000e5500000, 0x00000000e5600000|  0%| F|  |TAMS 0x00000000e5500000, 0x00000000e5500000| Untracked 
|  50|0x00000000e5600000, 0x00000000e5600000, 0x00000000e5700000|  0%| F|  |TAMS 0x00000000e5600000, 0x00000000e5600000| Untracked 
|  51|0x00000000e5700000, 0x00000000e5800000, 0x00000000e5800000|100%| O|  |TAMS 0x00000000e5800000, 0x00000000e5700000| Complete 
|  52|0x00000000e5800000, 0x00000000e5900000, 0x00000000e5900000|100%| O|  |TAMS 0x00000000e5900000, 0x00000000e5800000| Complete 
|  53|0x00000000e5900000, 0x00000000e5a00000, 0x00000000e5a00000|100%| O|  |TAMS 0x00000000e5a00000, 0x00000000e5900000| Complete 
|  54|0x00000000e5a00000, 0x00000000e5b00000, 0x00000000e5b00000|100%| O|  |TAMS 0x00000000e5b00000, 0x00000000e5a00000| Complete 
|  55|0x00000000e5b00000, 0x00000000e5c00000, 0x00000000e5c00000|100%| O|  |TAMS 0x00000000e5c00000, 0x00000000e5b00000| Complete 
|  56|0x00000000e5c00000, 0x00000000e5d00000, 0x00000000e5d00000|100%| O|  |TAMS 0x00000000e5d00000, 0x00000000e5c00000| Complete 
|  57|0x00000000e5d00000, 0x00000000e5e00000, 0x00000000e5e00000|100%| O|  |TAMS 0x00000000e5e00000, 0x00000000e5d00000| Untracked 
|  58|0x00000000e5e00000, 0x00000000e5f00000, 0x00000000e5f00000|100%|HS|  |TAMS 0x00000000e5f00000, 0x00000000e5e00000| Untracked 
|  59|0x00000000e5f00000, 0x00000000e6000000, 0x00000000e6000000|100%|HC|  |TAMS 0x00000000e6000000, 0x00000000e5f00000| Untracked 
|  60|0x00000000e6000000, 0x00000000e6100000, 0x00000000e6100000|100%|HC|  |TAMS 0x00000000e6100000, 0x00000000e6000000| Untracked 
|  61|0x00000000e6100000, 0x00000000e6200000, 0x00000000e6200000|100%| O|  |TAMS 0x00000000e6200000, 0x00000000e6100000| Complete 
|  62|0x00000000e6200000, 0x00000000e6300000, 0x00000000e6300000|100%| O|  |TAMS 0x00000000e6300000, 0x00000000e6200000| Complete 
|  63|0x00000000e6300000, 0x00000000e6400000, 0x00000000e6400000|100%| O|  |TAMS 0x00000000e6400000, 0x00000000e6300000| Untracked 
|  64|0x00000000e6400000, 0x00000000e6500000, 0x00000000e6500000|100%| O|  |TAMS 0x00000000e6500000, 0x00000000e6400000| Complete 
|  65|0x00000000e6500000, 0x00000000e6500000, 0x00000000e6600000|  0%| F|  |TAMS 0x00000000e6500000, 0x00000000e6500000| Untracked 
|  66|0x00000000e6600000, 0x00000000e6600000, 0x00000000e6700000|  0%| F|  |TAMS 0x00000000e6600000, 0x00000000e6600000| Untracked 
|  67|0x00000000e6700000, 0x00000000e6700000, 0x00000000e6800000|  0%| F|  |TAMS 0x00000000e6700000, 0x00000000e6700000| Untracked 
|  68|0x00000000e6800000, 0x00000000e6800000, 0x00000000e6900000|  0%| F|  |TAMS 0x00000000e6800000, 0x00000000e6800000| Untracked 
|  69|0x00000000e6900000, 0x00000000e6900000, 0x00000000e6a00000|  0%| F|  |TAMS 0x00000000e6900000, 0x00000000e6900000| Untracked 
|  70|0x00000000e6a00000, 0x00000000e6a00000, 0x00000000e6b00000|  0%| F|  |TAMS 0x00000000e6a00000, 0x00000000e6a00000| Untracked 
|  71|0x00000000e6b00000, 0x00000000e6c00000, 0x00000000e6c00000|100%|HS|  |TAMS 0x00000000e6b00000, 0x00000000e6b00000| Complete 
|  72|0x00000000e6c00000, 0x00000000e6d00000, 0x00000000e6d00000|100%|HC|  |TAMS 0x00000000e6c00000, 0x00000000e6c00000| Complete 
|  73|0x00000000e6d00000, 0x00000000e6e00000, 0x00000000e6e00000|100%|HC|  |TAMS 0x00000000e6d00000, 0x00000000e6d00000| Complete 
|  74|0x00000000e6e00000, 0x00000000e6f00000, 0x00000000e6f00000|100%|HS|  |TAMS 0x00000000e6e00000, 0x00000000e6e00000| Complete 
|  75|0x00000000e6f00000, 0x00000000e7000000, 0x00000000e7000000|100%|HC|  |TAMS 0x00000000e6f00000, 0x00000000e6f00000| Complete 
|  76|0x00000000e7000000, 0x00000000e7100000, 0x00000000e7100000|100%|HC|  |TAMS 0x00000000e7000000, 0x00000000e7000000| Complete 
|  77|0x00000000e7100000, 0x00000000e7100000, 0x00000000e7200000|  0%| F|  |TAMS 0x00000000e7100000, 0x00000000e7100000| Untracked 
|  78|0x00000000e7200000, 0x00000000e7200000, 0x00000000e7300000|  0%| F|  |TAMS 0x00000000e7200000, 0x00000000e7200000| Untracked 
|  79|0x00000000e7300000, 0x00000000e7300000, 0x00000000e7400000|  0%| F|  |TAMS 0x00000000e7300000, 0x00000000e7300000| Untracked 
|  80|0x00000000e7400000, 0x00000000e7400000, 0x00000000e7500000|  0%| F|  |TAMS 0x00000000e7400000, 0x00000000e7400000| Untracked 
|  81|0x00000000e7500000, 0x00000000e7500000, 0x00000000e7600000|  0%| F|  |TAMS 0x00000000e7500000, 0x00000000e7500000| Untracked 
|  82|0x00000000e7600000, 0x00000000e7600000, 0x00000000e7700000|  0%| F|  |TAMS 0x00000000e7600000, 0x00000000e7600000| Untracked 
|  83|0x00000000e7700000, 0x00000000e7700000, 0x00000000e7800000|  0%| F|  |TAMS 0x00000000e7700000, 0x00000000e7700000| Untracked 
|  84|0x00000000e7800000, 0x00000000e7800000, 0x00000000e7900000|  0%| F|  |TAMS 0x00000000e7800000, 0x00000000e7800000| Untracked 
|  85|0x00000000e7900000, 0x00000000e7900000, 0x00000000e7a00000|  0%| F|  |TAMS 0x00000000e7900000, 0x00000000e7900000| Untracked 
|  86|0x00000000e7a00000, 0x00000000e7b00000, 0x00000000e7b00000|100%| S|CS|TAMS 0x00000000e7a00000, 0x00000000e7a00000| Complete 
|  87|0x00000000e7b00000, 0x00000000e7c00000, 0x00000000e7c00000|100%| S|CS|TAMS 0x00000000e7b00000, 0x00000000e7b00000| Complete 
|  88|0x00000000e7c00000, 0x00000000e7c00000, 0x00000000e7d00000|  0%| F|  |TAMS 0x00000000e7c00000, 0x00000000e7c00000| Untracked 
|  89|0x00000000e7d00000, 0x00000000e7d00000, 0x00000000e7e00000|  0%| F|  |TAMS 0x00000000e7d00000, 0x00000000e7d00000| Untracked 
|  90|0x00000000e7e00000, 0x00000000e7e00000, 0x00000000e7f00000|  0%| F|  |TAMS 0x00000000e7e00000, 0x00000000e7e00000| Untracked 
|  91|0x00000000e7f00000, 0x00000000e7f00000, 0x00000000e8000000|  0%| F|  |TAMS 0x00000000e7f00000, 0x00000000e7f00000| Untracked 
|  92|0x00000000e8000000, 0x00000000e8000000, 0x00000000e8100000|  0%| F|  |TAMS 0x00000000e8000000, 0x00000000e8000000| Untracked 
|  93|0x00000000e8100000, 0x00000000e8100000, 0x00000000e8200000|  0%| F|  |TAMS 0x00000000e8100000, 0x00000000e8100000| Untracked 
|  94|0x00000000e8200000, 0x00000000e8200000, 0x00000000e8300000|  0%| F|  |TAMS 0x00000000e8200000, 0x00000000e8200000| Untracked 
|  95|0x00000000e8300000, 0x00000000e8300000, 0x00000000e8400000|  0%| F|  |TAMS 0x00000000e8300000, 0x00000000e8300000| Untracked 
|  96|0x00000000e8400000, 0x00000000e8400000, 0x00000000e8500000|  0%| F|  |TAMS 0x00000000e8400000, 0x00000000e8400000| Untracked 
|  97|0x00000000e8500000, 0x00000000e8500000, 0x00000000e8600000|  0%| F|  |TAMS 0x00000000e8500000, 0x00000000e8500000| Untracked 
|  98|0x00000000e8600000, 0x00000000e8600000, 0x00000000e8700000|  0%| F|  |TAMS 0x00000000e8600000, 0x00000000e8600000| Untracked 
|  99|0x00000000e8700000, 0x00000000e8700000, 0x00000000e8800000|  0%| F|  |TAMS 0x00000000e8700000, 0x00000000e8700000| Untracked 
| 100|0x00000000e8800000, 0x00000000e8800000, 0x00000000e8900000|  0%| F|  |TAMS 0x00000000e8800000, 0x00000000e8800000| Untracked 
| 101|0x00000000e8900000, 0x00000000e8900000, 0x00000000e8a00000|  0%| F|  |TAMS 0x00000000e8900000, 0x00000000e8900000| Untracked 
| 102|0x00000000e8a00000, 0x00000000e8a00000, 0x00000000e8b00000|  0%| F|  |TAMS 0x00000000e8a00000, 0x00000000e8a00000| Untracked 
| 103|0x00000000e8b00000, 0x00000000e8b00000, 0x00000000e8c00000|  0%| F|  |TAMS 0x00000000e8b00000, 0x00000000e8b00000| Untracked 
| 104|0x00000000e8c00000, 0x00000000e8c00000, 0x00000000e8d00000|  0%| F|  |TAMS 0x00000000e8c00000, 0x00000000e8c00000| Untracked 
| 105|0x00000000e8d00000, 0x00000000e8d00000, 0x00000000e8e00000|  0%| F|  |TAMS 0x00000000e8d00000, 0x00000000e8d00000| Untracked 
| 106|0x00000000e8e00000, 0x00000000e8e00000, 0x00000000e8f00000|  0%| F|  |TAMS 0x00000000e8e00000, 0x00000000e8e00000| Untracked 
| 107|0x00000000e8f00000, 0x00000000e8f00000, 0x00000000e9000000|  0%| F|  |TAMS 0x00000000e8f00000, 0x00000000e8f00000| Untracked 
| 108|0x00000000e9000000, 0x00000000e9000000, 0x00000000e9100000|  0%| F|  |TAMS 0x00000000e9000000, 0x00000000e9000000| Untracked 
| 109|0x00000000e9100000, 0x00000000e9100000, 0x00000000e9200000|  0%| F|  |TAMS 0x00000000e9100000, 0x00000000e9100000| Untracked 
| 110|0x00000000e9200000, 0x00000000e9200000, 0x00000000e9300000|  0%| F|  |TAMS 0x00000000e9200000, 0x00000000e9200000| Untracked 
| 111|0x00000000e9300000, 0x00000000e9300000, 0x00000000e9400000|  0%| F|  |TAMS 0x00000000e9300000, 0x00000000e9300000| Untracked 
| 112|0x00000000e9400000, 0x00000000e9400000, 0x00000000e9500000|  0%| F|  |TAMS 0x00000000e9400000, 0x00000000e9400000| Untracked 
| 113|0x00000000e9500000, 0x00000000e9500000, 0x00000000e9600000|  0%| F|  |TAMS 0x00000000e9500000, 0x00000000e9500000| Untracked 
| 114|0x00000000e9600000, 0x00000000e9600000, 0x00000000e9700000|  0%| F|  |TAMS 0x00000000e9600000, 0x00000000e9600000| Untracked 
| 115|0x00000000e9700000, 0x00000000e9700000, 0x00000000e9800000|  0%| F|  |TAMS 0x00000000e9700000, 0x00000000e9700000| Untracked 
| 116|0x00000000e9800000, 0x00000000e9800000, 0x00000000e9900000|  0%| F|  |TAMS 0x00000000e9800000, 0x00000000e9800000| Untracked 
| 117|0x00000000e9900000, 0x00000000e9900000, 0x00000000e9a00000|  0%| F|  |TAMS 0x00000000e9900000, 0x00000000e9900000| Untracked 
| 118|0x00000000e9a00000, 0x00000000e9a00000, 0x00000000e9b00000|  0%| F|  |TAMS 0x00000000e9a00000, 0x00000000e9a00000| Untracked 
| 119|0x00000000e9b00000, 0x00000000e9b00000, 0x00000000e9c00000|  0%| F|  |TAMS 0x00000000e9b00000, 0x00000000e9b00000| Untracked 
| 120|0x00000000e9c00000, 0x00000000e9c00000, 0x00000000e9d00000|  0%| F|  |TAMS 0x00000000e9c00000, 0x00000000e9c00000| Untracked 
| 121|0x00000000e9d00000, 0x00000000e9d00000, 0x00000000e9e00000|  0%| F|  |TAMS 0x00000000e9d00000, 0x00000000e9d00000| Untracked 
| 122|0x00000000e9e00000, 0x00000000e9e00000, 0x00000000e9f00000|  0%| F|  |TAMS 0x00000000e9e00000, 0x00000000e9e00000| Untracked 
| 123|0x00000000e9f00000, 0x00000000e9f00000, 0x00000000ea000000|  0%| F|  |TAMS 0x00000000e9f00000, 0x00000000e9f00000| Untracked 
| 124|0x00000000ea000000, 0x00000000ea000000, 0x00000000ea100000|  0%| F|  |TAMS 0x00000000ea000000, 0x00000000ea000000| Untracked 
| 125|0x00000000ea100000, 0x00000000ea100000, 0x00000000ea200000|  0%| F|  |TAMS 0x00000000ea100000, 0x00000000ea100000| Untracked 
| 126|0x00000000ea200000, 0x00000000ea200000, 0x00000000ea300000|  0%| F|  |TAMS 0x00000000ea200000, 0x00000000ea200000| Untracked 
| 127|0x00000000ea300000, 0x00000000ea300000, 0x00000000ea400000|  0%| F|  |TAMS 0x00000000ea300000, 0x00000000ea300000| Untracked 
| 128|0x00000000ea400000, 0x00000000ea400000, 0x00000000ea500000|  0%| F|  |TAMS 0x00000000ea400000, 0x00000000ea400000| Untracked 
| 129|0x00000000ea500000, 0x00000000ea500000, 0x00000000ea600000|  0%| F|  |TAMS 0x00000000ea500000, 0x00000000ea500000| Untracked 
| 130|0x00000000ea600000, 0x00000000ea600000, 0x00000000ea700000|  0%| F|  |TAMS 0x00000000ea600000, 0x00000000ea600000| Untracked 
| 131|0x00000000ea700000, 0x00000000ea700000, 0x00000000ea800000|  0%| F|  |TAMS 0x00000000ea700000, 0x00000000ea700000| Untracked 
| 132|0x00000000ea800000, 0x00000000ea800000, 0x00000000ea900000|  0%| F|  |TAMS 0x00000000ea800000, 0x00000000ea800000| Untracked 
| 133|0x00000000ea900000, 0x00000000ea900000, 0x00000000eaa00000|  0%| F|  |TAMS 0x00000000ea900000, 0x00000000ea900000| Untracked 
| 134|0x00000000eaa00000, 0x00000000eaa00000, 0x00000000eab00000|  0%| F|  |TAMS 0x00000000eaa00000, 0x00000000eaa00000| Untracked 
| 135|0x00000000eab00000, 0x00000000eab00000, 0x00000000eac00000|  0%| F|  |TAMS 0x00000000eab00000, 0x00000000eab00000| Untracked 
| 136|0x00000000eac00000, 0x00000000eac00000, 0x00000000ead00000|  0%| F|  |TAMS 0x00000000eac00000, 0x00000000eac00000| Untracked 
| 137|0x00000000ead00000, 0x00000000ead00000, 0x00000000eae00000|  0%| F|  |TAMS 0x00000000ead00000, 0x00000000ead00000| Untracked 
| 138|0x00000000eae00000, 0x00000000eae00000, 0x00000000eaf00000|  0%| F|  |TAMS 0x00000000eae00000, 0x00000000eae00000| Untracked 
| 139|0x00000000eaf00000, 0x00000000eaf00000, 0x00000000eb000000|  0%| F|  |TAMS 0x00000000eaf00000, 0x00000000eaf00000| Untracked 
| 140|0x00000000eb000000, 0x00000000eb000000, 0x00000000eb100000|  0%| F|  |TAMS 0x00000000eb000000, 0x00000000eb000000| Untracked 
| 141|0x00000000eb100000, 0x00000000eb100000, 0x00000000eb200000|  0%| F|  |TAMS 0x00000000eb100000, 0x00000000eb100000| Untracked 
| 142|0x00000000eb200000, 0x00000000eb200000, 0x00000000eb300000|  0%| F|  |TAMS 0x00000000eb200000, 0x00000000eb200000| Untracked 
| 143|0x00000000eb300000, 0x00000000eb300000, 0x00000000eb400000|  0%| F|  |TAMS 0x00000000eb300000, 0x00000000eb300000| Untracked 
| 144|0x00000000eb400000, 0x00000000eb400000, 0x00000000eb500000|  0%| F|  |TAMS 0x00000000eb400000, 0x00000000eb400000| Untracked 
| 145|0x00000000eb500000, 0x00000000eb500000, 0x00000000eb600000|  0%| F|  |TAMS 0x00000000eb500000, 0x00000000eb500000| Untracked 
| 146|0x00000000eb600000, 0x00000000eb600000, 0x00000000eb700000|  0%| F|  |TAMS 0x00000000eb600000, 0x00000000eb600000| Untracked 
| 147|0x00000000eb700000, 0x00000000eb700000, 0x00000000eb800000|  0%| F|  |TAMS 0x00000000eb700000, 0x00000000eb700000| Untracked 
| 148|0x00000000eb800000, 0x00000000eb800000, 0x00000000eb900000|  0%| F|  |TAMS 0x00000000eb800000, 0x00000000eb800000| Untracked 
| 149|0x00000000eb900000, 0x00000000eb900000, 0x00000000eba00000|  0%| F|  |TAMS 0x00000000eb900000, 0x00000000eb900000| Untracked 
| 150|0x00000000eba00000, 0x00000000eba00000, 0x00000000ebb00000|  0%| F|  |TAMS 0x00000000eba00000, 0x00000000eba00000| Untracked 
| 151|0x00000000ebb00000, 0x00000000ebb00000, 0x00000000ebc00000|  0%| F|  |TAMS 0x00000000ebb00000, 0x00000000ebb00000| Untracked 
| 152|0x00000000ebc00000, 0x00000000ebc00000, 0x00000000ebd00000|  0%| F|  |TAMS 0x00000000ebc00000, 0x00000000ebc00000| Untracked 
| 153|0x00000000ebd00000, 0x00000000ebd00000, 0x00000000ebe00000|  0%| F|  |TAMS 0x00000000ebd00000, 0x00000000ebd00000| Untracked 
| 154|0x00000000ebe00000, 0x00000000ebe00000, 0x00000000ebf00000|  0%| F|  |TAMS 0x00000000ebe00000, 0x00000000ebe00000| Untracked 
| 155|0x00000000ebf00000, 0x00000000ebf00000, 0x00000000ec000000|  0%| F|  |TAMS 0x00000000ebf00000, 0x00000000ebf00000| Untracked 
| 156|0x00000000ec000000, 0x00000000ec000000, 0x00000000ec100000|  0%| F|  |TAMS 0x00000000ec000000, 0x00000000ec000000| Untracked 
| 157|0x00000000ec100000, 0x00000000ec100000, 0x00000000ec200000|  0%| F|  |TAMS 0x00000000ec100000, 0x00000000ec100000| Untracked 
| 158|0x00000000ec200000, 0x00000000ec200000, 0x00000000ec300000|  0%| F|  |TAMS 0x00000000ec200000, 0x00000000ec200000| Untracked 
| 159|0x00000000ec300000, 0x00000000ec300000, 0x00000000ec400000|  0%| F|  |TAMS 0x00000000ec300000, 0x00000000ec300000| Untracked 
| 160|0x00000000ec400000, 0x00000000ec400000, 0x00000000ec500000|  0%| F|  |TAMS 0x00000000ec400000, 0x00000000ec400000| Untracked 
| 161|0x00000000ec500000, 0x00000000ec600000, 0x00000000ec600000|100%| E|  |TAMS 0x00000000ec500000, 0x00000000ec500000| Complete 
| 162|0x00000000ec600000, 0x00000000ec700000, 0x00000000ec700000|100%| E|CS|TAMS 0x00000000ec600000, 0x00000000ec600000| Complete 
| 163|0x00000000ec700000, 0x00000000ec800000, 0x00000000ec800000|100%| E|CS|TAMS 0x00000000ec700000, 0x00000000ec700000| Complete 
| 164|0x00000000ec800000, 0x00000000ec900000, 0x00000000ec900000|100%| E|CS|TAMS 0x00000000ec800000, 0x00000000ec800000| Complete 
| 165|0x00000000ec900000, 0x00000000eca00000, 0x00000000eca00000|100%| E|CS|TAMS 0x00000000ec900000, 0x00000000ec900000| Complete 
| 166|0x00000000eca00000, 0x00000000ecb00000, 0x00000000ecb00000|100%| E|CS|TAMS 0x00000000eca00000, 0x00000000eca00000| Complete 
| 167|0x00000000ecb00000, 0x00000000ecc00000, 0x00000000ecc00000|100%| E|CS|TAMS 0x00000000ecb00000, 0x00000000ecb00000| Complete 
| 168|0x00000000ecc00000, 0x00000000ecd00000, 0x00000000ecd00000|100%| E|CS|TAMS 0x00000000ecc00000, 0x00000000ecc00000| Complete 
| 169|0x00000000ecd00000, 0x00000000ece00000, 0x00000000ece00000|100%| E|CS|TAMS 0x00000000ecd00000, 0x00000000ecd00000| Complete 
| 170|0x00000000ece00000, 0x00000000ecf00000, 0x00000000ecf00000|100%| E|CS|TAMS 0x00000000ece00000, 0x00000000ece00000| Complete 
| 171|0x00000000ecf00000, 0x00000000ed000000, 0x00000000ed000000|100%| E|CS|TAMS 0x00000000ecf00000, 0x00000000ecf00000| Complete 

Card table byte_map: [0x00000190d42d0000,0x00000190d43c0000] _byte_map_base: 0x00000190d3bbe000

Marking Bits (Prev, Next): (CMBitMap*) 0x00000190d4400718, (CMBitMap*) 0x00000190d4400750
 Prev Bits: [0x00000190ebbf0000, 0x00000190ec360000)
 Next Bits: [0x00000190ec360000, 0x00000190ecad0000)

Polling page: 0x00000190d2570000

Metaspace:

Usage:
  Non-class:      9.02 MB capacity,     8.90 MB ( 99%) used,   110.51 KB (  1%) free+waste,    12.75 KB ( <1%) overhead. 
      Class:   1014.00 KB capacity,   952.10 KB ( 94%) used,    55.90 KB (  6%) free+waste,     6.00 KB ( <1%) overhead. 
       Both:     10.01 MB capacity,     9.83 MB ( 98%) used,   166.41 KB (  2%) free+waste,    18.75 KB ( <1%) overhead. 

Virtual space:
  Non-class space:       10.00 MB reserved,       9.25 MB ( 93%) committed 
      Class space:        1.00 GB reserved,       1.00 MB ( <1%) committed 
             Both:        1.01 GB reserved,      10.25 MB ( <1%) committed 

Chunk freelists:
   Non-Class:  40.00 KB
       Class:  10.00 KB
        Both:  50.00 KB

MaxMetaspaceSize: 17179869184.00 GB
CompressedClassSpaceSize: 1.00 GB
Initial GC threshold: 20.80 MB
Current GC threshold: 20.80 MB
CDS: off

CodeHeap 'non-profiled nmethods': size=120064Kb used=491Kb max_used=491Kb free=119572Kb
 bounds [0x00000190e45c0000, 0x00000190e4830000, 0x00000190ebb00000]
CodeHeap 'profiled nmethods': size=120000Kb used=1338Kb max_used=1338Kb free=118661Kb
 bounds [0x00000190dd090000, 0x00000190dd300000, 0x00000190e45c0000]
CodeHeap 'non-nmethods': size=5696Kb used=1129Kb max_used=1149Kb free=4566Kb
 bounds [0x00000190dcb00000, 0x00000190dcd70000, 0x00000190dd090000]
 total_blobs=1268 nmethods=893 adapters=288
 compilation: enabled
              stopped_count=0, restarted_count=0
 full_count=0

Compilation events (20 events):
Event: 6.984 Thread 0x00000190ef872800  906       4       java.nio.Buffer::hasRemaining (17 bytes)
Event: 6.984 Thread 0x00000190ef873800 nmethod 905 0x00000190dd1db090 code [0x00000190dd1db260, 0x00000190dd1db408]
Event: 6.984 Thread 0x00000190ef873800  902       3       java.nio.Buffer::checkIndex (22 bytes)
Event: 6.984 Thread 0x00000190ef873800 nmethod 902 0x00000190dd1db510 code [0x00000190dd1db6e0, 0x00000190dd1db928]
Event: 6.984 Thread 0x00000190ef873800  907       3       java.lang.StringUTF16::compress (20 bytes)
Event: 6.984 Thread 0x00000190ef873800 nmethod 907 0x00000190dd1dba10 code [0x00000190dd1dbbe0, 0x00000190dd1dbde8]
Event: 6.984 Thread 0x00000190ef872800 nmethod 906 0x00000190e4633d10 code [0x00000190e4633ea0, 0x00000190e4633f18]
Event: 6.984 Thread 0x00000190ef872800  908   !   4       java.nio.DirectByteBuffer::get (28 bytes)
Event: 6.984 Thread 0x00000190ef873800  909       3       java.nio.Buffer::<init> (99 bytes)
Event: 6.985 Thread 0x00000190ef873800 nmethod 909 0x00000190dd1dbe90 code [0x00000190dd1dc180, 0x00000190dd1dceb8]
Event: 6.986 Thread 0x00000190ef872800 nmethod 908 0x00000190e4634010 code [0x00000190e46341a0, 0x00000190e4634238]
Event: 6.986 Thread 0x00000190ef872800  910   !   4       java.util.zip.InflaterInputStream::read (138 bytes)
Event: 6.998 Thread 0x00000190ef872800 nmethod 910 0x00000190e4634310 code [0x00000190e4634500, 0x00000190e4634f18]
Event: 6.998 Thread 0x00000190ef872800  911       4       java.util.zip.Inflater::ensureOpen (47 bytes)
Event: 6.999 Thread 0x00000190ef872800 nmethod 911 0x00000190e4635510 code [0x00000190e46356a0, 0x00000190e4635738]
Event: 7.028 Thread 0x00000190ef872800  912       4       java.util.HashMap::putVal (300 bytes)
Event: 7.068 Thread 0x00000190ef872800 nmethod 912 0x00000190e4635810 code [0x00000190e4635a40, 0x00000190e4636bb0]
Event: 7.068 Thread 0x00000190ef872800  913 %     4       java.util.jar.Manifest::read @ 42 (340 bytes)
Event: 7.188 Thread 0x00000190ef872800 nmethod 913% 0x00000190e4637210 code [0x00000190e4637520, 0x00000190e46395d0]
Event: 7.188 Thread 0x00000190ef872800  915 %     4       sun.security.util.ManifestDigester::<init> @ 220 (360 bytes)

GC Heap History (20 events):
Event: 6.395 GC heap before
{Heap before GC invocations=23 (full 0):
 garbage-first heap   total 62464K, used 40729K [0x00000000e2400000, 0x0000000100000000)
  region size 1024K, 8 young (8192K), 1 survivors (1024K)
 Metaspace       used 10015K, capacity 10190K, committed 10240K, reserved 1058816K
  class space    used 947K, capacity 1014K, committed 1024K, reserved 1048576K
}
Event: 6.412 GC heap after
{Heap after GC invocations=24 (full 0):
 garbage-first heap   total 62464K, used 39936K [0x00000000e2400000, 0x0000000100000000)
  region size 1024K, 1 young (1024K), 1 survivors (1024K)
 Metaspace       used 10015K, capacity 10190K, committed 10240K, reserved 1058816K
  class space    used 947K, capacity 1014K, committed 1024K, reserved 1048576K
}
Event: 6.424 GC heap before
{Heap before GC invocations=24 (full 0):
 garbage-first heap   total 62464K, used 41984K [0x00000000e2400000, 0x0000000100000000)
  region size 1024K, 3 young (3072K), 1 survivors (1024K)
 Metaspace       used 10015K, capacity 10190K, committed 10240K, reserved 1058816K
  class space    used 947K, capacity 1014K, committed 1024K, reserved 1048576K
}
Event: 6.435 GC heap after
{Heap after GC invocations=25 (full 0):
 garbage-first heap   total 81920K, used 35247K [0x00000000e2400000, 0x0000000100000000)
  region size 1024K, 1 young (1024K), 1 survivors (1024K)
 Metaspace       used 10015K, capacity 10190K, committed 10240K, reserved 1058816K
  class space    used 947K, capacity 1014K, committed 1024K, reserved 1048576K
}
Event: 6.473 GC heap before
{Heap before GC invocations=25 (full 0):
 garbage-first heap   total 81920K, used 38319K [0x00000000e2400000, 0x0000000100000000)
  region size 1024K, 4 young (4096K), 1 survivors (1024K)
 Metaspace       used 10015K, capacity 10190K, committed 10240K, reserved 1058816K
  class space    used 947K, capacity 1014K, committed 1024K, reserved 1048576K
}
Event: 6.495 GC heap after
{Heap after GC invocations=26 (full 0):
 garbage-first heap   total 81920K, used 37418K [0x00000000e2400000, 0x0000000100000000)
  region size 1024K, 1 young (1024K), 1 survivors (1024K)
 Metaspace       used 10015K, capacity 10190K, committed 10240K, reserved 1058816K
  class space    used 947K, capacity 1014K, committed 1024K, reserved 1048576K
}
Event: 6.575 GC heap before
{Heap before GC invocations=26 (full 0):
 garbage-first heap   total 81920K, used 59946K [0x00000000e2400000, 0x0000000100000000)
  region size 1024K, 12 young (12288K), 1 survivors (1024K)
 Metaspace       used 10015K, capacity 10190K, committed 10240K, reserved 1058816K
  class space    used 947K, capacity 1014K, committed 1024K, reserved 1048576K
}
Event: 6.588 GC heap after
{Heap after GC invocations=27 (full 0):
 garbage-first heap   total 81920K, used 46908K [0x00000000e2400000, 0x0000000100000000)
  region size 1024K, 2 young (2048K), 2 survivors (2048K)
 Metaspace       used 10015K, capacity 10190K, committed 10240K, reserved 1058816K
  class space    used 947K, capacity 1014K, committed 1024K, reserved 1048576K
}
Event: 6.622 GC heap before
{Heap before GC invocations=27 (full 0):
 garbage-first heap   total 81920K, used 56124K [0x00000000e2400000, 0x0000000100000000)
  region size 1024K, 11 young (11264K), 2 survivors (2048K)
 Metaspace       used 10026K, capacity 10190K, committed 10240K, reserved 1058816K
  class space    used 947K, capacity 1014K, committed 1024K, reserved 1048576K
}
Event: 6.638 GC heap after
{Heap after GC invocations=28 (full 0):
 garbage-first heap   total 81920K, used 52451K [0x00000000e2400000, 0x0000000100000000)
  region size 1024K, 2 young (2048K), 2 survivors (2048K)
 Metaspace       used 10026K, capacity 10190K, committed 10240K, reserved 1058816K
  class space    used 947K, capacity 1014K, committed 1024K, reserved 1048576K
}
Event: 6.721 GC heap before
{Heap before GC invocations=28 (full 0):
 garbage-first heap   total 81920K, used 59619K [0x00000000e2400000, 0x0000000100000000)
  region size 1024K, 9 young (9216K), 2 survivors (2048K)
 Metaspace       used 10030K, capacity 10190K, committed 10240K, reserved 1058816K
  class space    used 947K, capacity 1014K, committed 1024K, reserved 1048576K
}
Event: 6.737 GC heap after
{Heap after GC invocations=29 (full 0):
 garbage-first heap   total 98304K, used 57795K [0x00000000e2400000, 0x0000000100000000)
  region size 1024K, 2 young (2048K), 2 survivors (2048K)
 Metaspace       used 10030K, capacity 10190K, committed 10240K, reserved 1058816K
  class space    used 947K, capacity 1014K, committed 1024K, reserved 1048576K
}
Event: 7.051 GC heap before
{Heap before GC invocations=30 (full 0):
 garbage-first heap   total 98304K, used 72131K [0x00000000e2400000, 0x0000000100000000)
  region size 1024K, 12 young (12288K), 2 survivors (2048K)
 Metaspace       used 10067K, capacity 10254K, committed 10496K, reserved 1058816K
  class space    used 952K, capacity 1014K, committed 1024K, reserved 1048576K
}
Event: 7.065 GC heap after
{Heap after GC invocations=31 (full 0):
 garbage-first heap   total 98304K, used 62964K [0x00000000e2400000, 0x0000000100000000)
  region size 1024K, 2 young (2048K), 2 survivors (2048K)
 Metaspace       used 10067K, capacity 10254K, committed 10496K, reserved 1058816K
  class space    used 952K, capacity 1014K, committed 1024K, reserved 1048576K
}
Event: 7.071 GC heap before
{Heap before GC invocations=31 (full 0):
 garbage-first heap   total 98304K, used 65012K [0x00000000e2400000, 0x0000000100000000)
  region size 1024K, 4 young (4096K), 2 survivors (2048K)
 Metaspace       used 10067K, capacity 10254K, committed 10496K, reserved 1058816K
  class space    used 952K, capacity 1014K, committed 1024K, reserved 1048576K
}
Event: 7.083 GC heap after
{Heap after GC invocations=32 (full 0):
 garbage-first heap   total 98304K, used 59392K [0x00000000e2400000, 0x0000000100000000)
  region size 1024K, 1 young (1024K), 1 survivors (1024K)
 Metaspace       used 10067K, capacity 10254K, committed 10496K, reserved 1058816K
  class space    used 952K, capacity 1014K, committed 1024K, reserved 1048576K
}
Event: 7.122 GC heap before
{Heap before GC invocations=32 (full 0):
 garbage-first heap   total 98304K, used 69632K [0x00000000e2400000, 0x0000000100000000)
  region size 1024K, 11 young (11264K), 1 survivors (1024K)
 Metaspace       used 10067K, capacity 10254K, committed 10496K, reserved 1058816K
  class space    used 952K, capacity 1014K, committed 1024K, reserved 1048576K
}
Event: 7.142 GC heap after
{Heap after GC invocations=33 (full 0):
 garbage-first heap   total 98304K, used 65000K [0x00000000e2400000, 0x0000000100000000)
  region size 1024K, 2 young (2048K), 2 survivors (2048K)
 Metaspace       used 10067K, capacity 10254K, committed 10496K, reserved 1058816K
  class space    used 952K, capacity 1014K, committed 1024K, reserved 1048576K
}
Event: 7.199 GC heap before
{Heap before GC invocations=33 (full 0):
 garbage-first heap   total 98304K, used 85480K [0x00000000e2400000, 0x0000000100000000)
  region size 1024K, 10 young (10240K), 2 survivors (2048K)
 Metaspace       used 10067K, capacity 10254K, committed 10496K, reserved 1058816K
  class space    used 952K, capacity 1014K, committed 1024K, reserved 1048576K
}
Event: 7.211 GC heap after
{Heap after GC invocations=34 (full 0):
 garbage-first heap   total 176128K, used 73162K [0x00000000e2400000, 0x0000000100000000)
  region size 1024K, 2 young (2048K), 2 survivors (2048K)
 Metaspace       used 10067K, capacity 10254K, committed 10496K, reserved 1058816K
  class space    used 952K, capacity 1014K, committed 1024K, reserved 1048576K
}

Deoptimization events (20 events):
Event: 6.654 Thread 0x00000190d43dd800 Uncommon trap: trap_request=0xffffffde fr.pc=0x00000190e462b8b0 relative=0x0000000000000390
Event: 6.654 Thread 0x00000190d43dd800 Uncommon trap: reason=class_check action=maybe_recompile pc=0x00000190e462b8b0 method=java.util.HashMap.putMapEntries(Ljava/util/Map;Z)V @ 1 c2
Event: 6.655 Thread 0x00000190d43dd800 DEOPT PACKING pc=0x00000190e462b8b0 sp=0x0000000d200fbcb0
Event: 6.655 Thread 0x00000190d43dd800 DEOPT UNPACKING pc=0x00000190dcb4a1af sp=0x0000000d200fbc78 mode 2
Event: 6.655 Thread 0x00000190d43dd800 Uncommon trap: trap_request=0xffffffde fr.pc=0x00000190e45f6400 relative=0x0000000000000f60
Event: 6.655 Thread 0x00000190d43dd800 Uncommon trap: reason=class_check action=maybe_recompile pc=0x00000190e45f6400 method=java.util.HashMap.putVal(ILjava/lang/Object;Ljava/lang/Object;ZZ)Ljava/lang/Object; @ 91 c2
Event: 6.655 Thread 0x00000190d43dd800 DEOPT PACKING pc=0x00000190e45f6400 sp=0x0000000d200fbbc0
Event: 6.655 Thread 0x00000190d43dd800 DEOPT UNPACKING pc=0x00000190dcb4a1af sp=0x0000000d200fbba0 mode 2
Event: 6.687 Thread 0x00000190d43dd800 Uncommon trap: trap_request=0xffffffde fr.pc=0x00000190e462b8b0 relative=0x0000000000000390
Event: 6.687 Thread 0x00000190d43dd800 Uncommon trap: reason=class_check action=maybe_recompile pc=0x00000190e462b8b0 method=java.util.HashMap.putMapEntries(Ljava/util/Map;Z)V @ 1 c2
Event: 6.687 Thread 0x00000190d43dd800 DEOPT PACKING pc=0x00000190e462b8b0 sp=0x0000000d200fbe70
Event: 6.687 Thread 0x00000190d43dd800 DEOPT UNPACKING pc=0x00000190dcb4a1af sp=0x0000000d200fbe38 mode 2
Event: 6.715 Thread 0x00000190d43dd800 Uncommon trap: trap_request=0xffffff4d fr.pc=0x00000190e460ca40 relative=0x0000000000000640
Event: 6.716 Thread 0x00000190d43dd800 Uncommon trap: reason=unstable_if action=reinterpret pc=0x00000190e460ca40 method=sun.security.util.SignatureFileVerifier.updateSigners([Ljava/security/CodeSigner;Ljava/util/Hashtable;Ljava/lang/String;)V @ 24 c2
Event: 6.716 Thread 0x00000190d43dd800 DEOPT PACKING pc=0x00000190e460ca40 sp=0x0000000d200fbf60
Event: 6.716 Thread 0x00000190d43dd800 DEOPT UNPACKING pc=0x00000190dcb4a1af sp=0x0000000d200fbf40 mode 2
Event: 6.750 Thread 0x00000190d43dd800 Uncommon trap: trap_request=0xffffff4d fr.pc=0x00000190e462d368 relative=0x00000000000001a8
Event: 6.750 Thread 0x00000190d43dd800 Uncommon trap: reason=unstable_if action=reinterpret pc=0x00000190e462d368 method=java.util.LinkedHashMap.entrySet()Ljava/util/Set; @ 6 c2
Event: 6.750 Thread 0x00000190d43dd800 DEOPT PACKING pc=0x00000190e462d368 sp=0x0000000d200fc120
Event: 6.750 Thread 0x00000190d43dd800 DEOPT UNPACKING pc=0x00000190dcb4a1af sp=0x0000000d200fc078 mode 2

Classes redefined (0 events):
No events

Internal exceptions (7 events):
Event: 4.215 Thread 0x00000190d43dd800 Implicit null exception at 0x00000190e45dbbef to 0x00000190e45dbcc4
Event: 6.004 Thread 0x00000190d43dd800 Exception <a 'java/lang/NoSuchMethodError'{0x00000000e5c37d08}: 'int java.lang.invoke.DirectMethodHandle$Holder.invokeSpecialIFC(java.lang.Object, java.lang.Object, int)'> (0x00000000e5c37d08) thrown at [./src/hotspot/share/interpreter/linkResolver.cpp, line 773]
Event: 6.088 Thread 0x00000190d43dd800 Exception <a 'java/lang/NoSuchMethodError'{0x00000000e5ca5a90}: 'java.lang.Object java.lang.invoke.DirectMethodHandle$Holder.invokeStatic(java.lang.Object, java.lang.Object, java.lang.Object, java.lang.Object, java.lang.Object, java.lang.Object, java.lang.Object, java.lang.Object, java.lang.Object, java.lang.Object, java.lang.Object, java.lang.Object, java.lang.Object, java.lang.Object, java.lang.Object)'> (0x00000000e5ca5a90) thrown at [./src/hotspot/share/interpreter/linkResolver.cpp, line 773]
Event: 6.092 Thread 0x00000190d43dd800 Exception <a 'java/lang/NoSuchMethodError'{0x00000000e5cb37f0}: 'java.lang.Object java.lang.invoke.DirectMethodHandle$Holder.invokeStatic(java.lang.Object, java.lang.Object, java.lang.Object, java.lang.Object, java.lang.Object, java.lang.Object, java.lang.Object, java.lang.Object, java.lang.Object, java.lang.Object, java.lang.Object, java.lang.Object, java.lang.Object, java.lang.Object, java.lang.Object, java.lang.Object)'> (0x00000000e5cb37f0) thrown at [./src/hotspot/share/interpreter/linkResolver.cpp, l
Event: 6.094 Thread 0x00000190d43dd800 Exception <a 'java/lang/NoSuchMethodError'{0x00000000e5cc16c0}: 'java.lang.Object java.lang.invoke.DirectMethodHandle$Holder.invokeSpecial(java.lang.Object, java.lang.Object, int, int, java.lang.Object, java.lang.Object, java.lang.Object)'> (0x00000000e5cc16c0) thrown at [./src/hotspot/share/interpreter/linkResolver.cpp, line 773]
Event: 6.095 Thread 0x00000190d43dd800 Exception <a 'java/lang/NoSuchMethodError'{0x00000000e5cc4c50}: 'java.lang.Object java.lang.invoke.DelegatingMethodHandle$Holder.reinvoke_L(java.lang.Object, int, int, java.lang.Object, java.lang.Object, java.lang.Object)'> (0x00000000e5cc4c50) thrown at [./src/hotspot/share/interpreter/linkResolver.cpp, line 773]
Event: 6.097 Thread 0x00000190d43dd800 Exception <a 'java/lang/NoSuchMethodError'{0x00000000e5cc8fd8}: 'java.lang.Object java.lang.invoke.DirectMethodHandle$Holder.invokeStatic(java.lang.Object, java.lang.Object, java.lang.Object, java.lang.Object, int)'> (0x00000000e5cc8fd8) thrown at [./src/hotspot/share/interpreter/linkResolver.cpp, line 773]

Events (20 events):
Event: 6.962 loading class org/xml/sax/SAXNotSupportedException done
Event: 6.962 loading class javax/xml/parsers/DocumentBuilder
Event: 6.962 loading class javax/xml/parsers/DocumentBuilder done
Event: 6.962 loading class org/apache/xerces/jaxp/DocumentBuilderImpl
Event: 6.962 loading class org/apache/xerces/jaxp/DocumentBuilderImpl done
Event: 6.963 loading class org/apache/xerces/jaxp/JAXPConstants
Event: 6.963 loading class org/apache/xerces/jaxp/JAXPConstants done
Event: 6.981 loading class javax/xml/parsers/SAXParserFactory
Event: 6.982 loading class javax/xml/parsers/SAXParserFactory done
Event: 7.051 Executing VM operation: G1CollectForAllocation
Event: 7.066 Executing VM operation: G1CollectForAllocation done
Event: 7.071 Executing VM operation: G1CollectForAllocation
Event: 7.083 Executing VM operation: G1CollectForAllocation done
Event: 7.122 Executing VM operation: G1CollectForAllocation
Event: 7.142 Executing VM operation: G1CollectForAllocation done
Event: 7.199 Executing VM operation: G1CollectForAllocation
Event: 7.211 Executing VM operation: G1CollectForAllocation done
Event: 7.223 Executing VM operation: CGC_Operation
Event: 8.080 Executing VM operation: CGC_Operation done
Event: 8.081 Executing VM operation: RevokeBias


Dynamic libraries:
0x00007ff69b4a0000 - 0x00007ff69b4ad000 	C:\Program Files\Microsoft\jdk-11.0.12.7-hotspot\bin\java.exe
0x00007fff105b0000 - 0x00007fff107a8000 	C:\WINDOWS\SYSTEM32\ntdll.dll
0x00007fff0f610000 - 0x00007fff0f6cd000 	C:\WINDOWS\System32\KERNEL32.DLL
0x00007fff0dfa0000 - 0x00007fff0e272000 	C:\WINDOWS\System32\KERNELBASE.dll
0x00007fff0e320000 - 0x00007fff0e420000 	C:\WINDOWS\System32\ucrtbase.dll
0x00007ffee8cf0000 - 0x00007ffee8d07000 	C:\Program Files\Microsoft\jdk-11.0.12.7-hotspot\bin\jli.dll
0x00007fff0f950000 - 0x00007fff0faed000 	C:\WINDOWS\System32\USER32.dll
0x00007fff0ddb0000 - 0x00007fff0ddd2000 	C:\WINDOWS\System32\win32u.dll
0x00007fff0ed70000 - 0x00007fff0ed9b000 	C:\WINDOWS\System32\GDI32.dll
0x00007fff0dde0000 - 0x00007fff0deef000 	C:\WINDOWS\System32\gdi32full.dll
0x00007fff0e280000 - 0x00007fff0e31d000 	C:\WINDOWS\System32\msvcp_win.dll
0x00007ffee7840000 - 0x00007ffee7855000 	C:\Program Files\Microsoft\jdk-11.0.12.7-hotspot\bin\VCRUNTIME140.dll
0x00007fff05860000 - 0x00007fff05afa000 	C:\WINDOWS\WinSxS\amd64_microsoft.windows.common-controls_6595b64144ccf1df_6.0.19041.1110_none_60b5254171f9507e\COMCTL32.dll
0x00007fff104d0000 - 0x00007fff1056e000 	C:\WINDOWS\System32\msvcrt.dll
0x00007fff0f160000 - 0x00007fff0f190000 	C:\WINDOWS\System32\IMM32.DLL
0x00007ffedfb40000 - 0x00007ffedfbdb000 	C:\Program Files\Microsoft\jdk-11.0.12.7-hotspot\bin\msvcp140.dll
0x00007ffeb7380000 - 0x00007ffeb7ee1000 	C:\Program Files\Microsoft\jdk-11.0.12.7-hotspot\bin\server\jvm.dll
0x00007fff10420000 - 0x00007fff104ce000 	C:\WINDOWS\System32\ADVAPI32.dll
0x00007fff0ff10000 - 0x00007fff0ffac000 	C:\WINDOWS\System32\sechost.dll
0x00007fff0ef70000 - 0x00007fff0f095000 	C:\WINDOWS\System32\RPCRT4.dll
0x00007fff0e610000 - 0x00007fff0e618000 	C:\WINDOWS\System32\PSAPI.DLL
0x00007ffef3140000 - 0x00007ffef3149000 	C:\WINDOWS\SYSTEM32\WSOCK32.dll
0x00007fff0ef00000 - 0x00007fff0ef6b000 	C:\WINDOWS\System32\WS2_32.dll
0x00007fff061a0000 - 0x00007fff061c7000 	C:\WINDOWS\SYSTEM32\WINMM.dll
0x00007fff033e0000 - 0x00007fff033ea000 	C:\WINDOWS\SYSTEM32\VERSION.dll
0x00007fff0bb80000 - 0x00007fff0bb92000 	C:\WINDOWS\SYSTEM32\kernel.appcore.dll
0x00007fff09110000 - 0x00007fff09120000 	C:\Program Files\Microsoft\jdk-11.0.12.7-hotspot\bin\verify.dll
0x00007fff07250000 - 0x00007fff07434000 	C:\WINDOWS\SYSTEM32\DBGHELP.DLL
0x00007fff07220000 - 0x00007fff0724c000 	C:\WINDOWS\SYSTEM32\dbgcore.DLL
0x00007fff0e420000 - 0x00007fff0e4a2000 	C:\WINDOWS\System32\bcryptPrimitives.dll
0x00007ffee65d0000 - 0x00007ffee65f8000 	C:\Program Files\Microsoft\jdk-11.0.12.7-hotspot\bin\java.dll
0x00007ffefa250000 - 0x00007ffefa25a000 	C:\Program Files\Microsoft\jdk-11.0.12.7-hotspot\bin\jimage.dll
0x00007ffee75a0000 - 0x00007ffee75b7000 	C:\Program Files\Microsoft\jdk-11.0.12.7-hotspot\bin\zip.dll
0x00007fff0e620000 - 0x00007fff0ed63000 	C:\WINDOWS\System32\SHELL32.dll
0x00007fff0bd80000 - 0x00007fff0c511000 	C:\WINDOWS\SYSTEM32\windows.storage.dll
0x00007fff0faf0000 - 0x00007fff0fe44000 	C:\WINDOWS\System32\combase.dll
0x00007fff0d720000 - 0x00007fff0d750000 	C:\WINDOWS\SYSTEM32\Wldp.dll
0x00007fff0f0a0000 - 0x00007fff0f14d000 	C:\WINDOWS\System32\SHCORE.dll
0x00007fff0f320000 - 0x00007fff0f375000 	C:\WINDOWS\System32\shlwapi.dll
0x00007fff0dc00000 - 0x00007fff0dc1f000 	C:\WINDOWS\SYSTEM32\profapi.dll
0x00007ffeff2c0000 - 0x00007ffeff2d9000 	C:\Program Files\Microsoft\jdk-11.0.12.7-hotspot\bin\net.dll
0x00007fff081b0000 - 0x00007fff082bd000 	C:\WINDOWS\SYSTEM32\WINHTTP.dll
0x00007fff0d480000 - 0x00007fff0d4ea000 	C:\WINDOWS\system32\mswsock.dll
0x00007ffee9390000 - 0x00007ffee93a2000 	C:\Program Files\Microsoft\jdk-11.0.12.7-hotspot\bin\nio.dll

dbghelp: loaded successfully - version: 4.0.5 - missing functions: none
symbol engine: initialized successfully - sym options: 0x614 - pdb path: .;C:\Program Files\Microsoft\jdk-11.0.12.7-hotspot\bin;C:\WINDOWS\SYSTEM32;C:\WINDOWS\WinSxS\amd64_microsoft.windows.common-controls_6595b64144ccf1df_6.0.19041.1110_none_60b5254171f9507e;C:\Program Files\Microsoft\jdk-11.0.12.7-hotspot\bin\server

VM Arguments:
java_command: com.xamarin.manifestmerger.Main obj\Debug\120\android\manifestmerger.rsp
java_class_path (initial): C:\Program Files\Microsoft Visual Studio\2022\Community\MSBuild\Xamarin\Android\manifestmerger.jar
Launcher Type: SUN_STANDARD

[Global flags]
     intx CICompilerCount                          = 3                                         {product} {ergonomic}
     uint ConcGCThreads                            = 1                                         {product} {ergonomic}
     uint G1ConcRefinementThreads                  = 4                                         {product} {ergonomic}
   size_t G1HeapRegionSize                         = 1048576                                   {product} {ergonomic}
    uintx GCDrainStackTargetSize                   = 64                                        {product} {ergonomic}
   size_t InitialHeapSize                          = 31457280                                  {product} {ergonomic}
   size_t MarkStackSize                            = 4194304                                   {product} {ergonomic}
   size_t MaxHeapSize                              = 499122176                                 {product} {ergonomic}
   size_t MaxNewSize                               = 298844160                                 {product} {ergonomic}
   size_t MinHeapDeltaBytes                        = 1048576                                   {product} {ergonomic}
    uintx NonNMethodCodeHeapSize                   = 5830732                                {pd product} {ergonomic}
    uintx NonProfiledCodeHeapSize                  = 122913754                              {pd product} {ergonomic}
    uintx ProfiledCodeHeapSize                     = 122913754                              {pd product} {ergonomic}
    uintx ReservedCodeCacheSize                    = 251658240                              {pd product} {ergonomic}
     bool SegmentedCodeCache                       = true                                      {product} {ergonomic}
     bool UseCompressedClassPointers               = true                                 {lp64_product} {ergonomic}
     bool UseCompressedOops                        = true                                 {lp64_product} {ergonomic}
     bool UseG1GC                                  = true                                      {product} {ergonomic}
     bool UseLargePagesIndividualAllocation        = false                                  {pd product} {ergonomic}

Logging:
Log output configuration:
 #0: stdout all=warning uptime,level,tags
 #1: stderr all=off uptime,level,tags

Environment Variables:
PATH=C:\Program Files (x86)\Common Files\Oracle\Java\javapath;C:\Program Files\Microsoft\jdk-11.0.12.7-hotspot\bin;C:\Program Files (x86)\Common Files\Intel\Shared Files\cpp\bin\Intel64;C:\WINDOWS\system32;C:\WINDOWS;C:\WINDOWS\System32\Wbem;C:\WINDOWS\System32\WindowsPowerShell\v1.0\;C:\WINDOWS\System32\OpenSSH\;C:\WINDOWS\system32;C:\WINDOWS;C:\WINDOWS\System32\Wbem;C:\WINDOWS\System32\WindowsPowerShell\v1.0\;C:\WINDOWS\System32\OpenSSH\;C:\Program Files\Git\cmd;C:\Program Files\Git\mingw64\bin;C:\Program Files\Git\usr\bin;C:\Program Files\Microsoft SQL Server\150\Tools\Binn\;C:\Program Files\Microsoft SQL Server\Client SDK\ODBC\170\Tools\Binn\;C:\Program Files\dotnet\;C:\Users\REGI\AppData\Local\Programs\Python\Python310\Scripts\;C:\Users\REGI\AppData\Local\Programs\Python\Python310\;C:\Users\REGI\AppData\Local\Microsoft\WindowsApps;C:\Users\REGI\.dotnet\tools;C:\Users\REGI\AppData\Local\Programs\Microsoft VS Code\bin
USERNAME=Lucas
OS=Windows_NT
PROCESSOR_IDENTIFIER=Intel64 Family 6 Model 42 Stepping 7, GenuineIntel



---------------  S Y S T E M  ---------------

OS: Windows 10 , 64 bit Build 19041 (10.0.19041.1889)
OS uptime: 5 days 20:00 hours

CPU:total 4 (initial active 4) (2 cores per cpu, 2 threads per core) family 6 model 42 stepping 7 microcode 0x2f, cmov, cx8, fxsr, mmx, sse, sse2, sse3, ssse3, sse4.1, sse4.2, popcnt, avx, aes, clmul, ht, tsc, tscinvbit

Memory: 4k page, system-wide physical 1899M (205M free)
TotalPageFile size 7787M (AvailPageFile size 3M)
current process WorkingSet (physical memory assigned to process): 144M, peak: 144M
current process commit charge ("private bytes"): 253M, peak: 254M

vm_info: OpenJDK 64-Bit Server VM (11.0.12+7) for windows-amd64 JRE (11.0.12+7), built on Jul 21 2021 15:41:43 by "" with unknown MS VC++:1916

END.
